# JRE version: OpenJDK Runtime Environment Temurin-17.0.10+7 (17.0.10+7) (build 17.0.10+7)
# Java VM: OpenJDK 64-Bit Server VM Temurin-17.0.10+7 (17.0.10+7, mixed mode, tiered, compressed oops, compressed class ptrs, g1 gc, windows-amd64)
GC Precious Log:
 CPUs: 16 total, 16 available
 Memory: 15741M
 Large Page Support: Disabled
 NUMA Support: Disabled
 Compressed Oops: Enabled (Zero based)
 Heap Region Size: 2M
 Heap Min Capacity: 8M
 Heap Initial Capacity: 246M
 Heap Max Capacity: 3936M
 Pre-touch: Disabled
 Parallel Workers: 13
 Concurrent Workers: 3
 Concurrent Refinement Workers: 13
 Periodic GC: Disabled
Heap:
 garbage-first heap   total 79872K, used 51753K [0x000000070a000000, 0x0000000800000000)
  region size 2048K, 6 young (12288K), 1 survivors (2048K)
 Metaspace       used 85525K, committed 86144K, reserved 1179648K
  class space    used 11216K, committed 11520K, reserved 1048576K
GC Heap History (20 events):
Event: 7.664 GC heap before
{Heap before GC invocations=31 (full 0):
 garbage-first heap   total 59392K, used 44632K [0x000000070a000000, 0x0000000800000000)
  region size 2048K, 7 young (14336K), 1 survivors (2048K)
 Metaspace       used 69935K, committed 70464K, reserved 1114112K
  class space    used 9133K, committed 9408K, reserved 1048576K
}
Event: 7.666 GC heap after
{Heap after GC invocations=32 (full 0):
 garbage-first heap   total 59392K, used 33234K [0x000000070a000000, 0x0000000800000000)
  region size 2048K, 1 young (2048K), 1 survivors (2048K)
 Metaspace       used 69935K, committed 70464K, reserved 1114112K
  class space    used 9133K, committed 9408K, reserved 1048576K
}
Event: 7.877 GC heap before
{Heap before GC invocations=32 (full 0):
 garbage-first heap   total 59392K, used 47570K [0x000000070a000000, 0x0000000800000000)
  region size 2048K, 8 young (16384K), 1 survivors (2048K)
 Metaspace       used 71886K, committed 72384K, reserved 1114112K
  class space    used 9354K, committed 9600K, reserved 1048576K
}
Event: 7.878 GC heap after
{Heap after GC invocations=33 (full 0):
 garbage-first heap   total 59392K, used 33805K [0x000000070a000000, 0x0000000800000000)
  region size 2048K, 1 young (2048K), 1 survivors (2048K)
 Metaspace       used 71886K, committed 72384K, reserved 1114112K
  class space    used 9354K, committed 9600K, reserved 1048576K
}
Event: 7.975 GC heap before
{Heap before GC invocations=34 (full 0):
 garbage-first heap   total 65536K, used 48141K [0x000000070a000000, 0x0000000800000000)
  region size 2048K, 8 young (16384K), 1 survivors (2048K)
 Metaspace       used 72085K, committed 72576K, reserved 1114112K
  class space    used 9364K, committed 9600K, reserved 1048576K
}
Event: 7.976 GC heap after
{Heap after GC invocations=35 (full 0):
 garbage-first heap   total 65536K, used 34364K [0x000000070a000000, 0x0000000800000000)
  region size 2048K, 1 young (2048K), 1 survivors (2048K)
 Metaspace       used 72085K, committed 72576K, reserved 1114112K
  class space    used 9364K, committed 9600K, reserved 1048576K
}
Event: 8.156 GC heap before
{Heap before GC invocations=35 (full 0):
 garbage-first heap   total 65536K, used 50748K [0x000000070a000000, 0x0000000800000000)
  region size 2048K, 9 young (18432K), 1 survivors (2048K)
 Metaspace       used 72536K, committed 73088K, reserved 1114112K
  class space    used 9405K, committed 9728K, reserved 1048576K
}
Event: 8.158 GC heap after
{Heap after GC invocations=36 (full 0):
 garbage-first heap   total 65536K, used 35251K [0x000000070a000000, 0x0000000800000000)
  region size 2048K, 2 young (4096K), 2 survivors (4096K)
 Metaspace       used 72536K, committed 73088K, reserved 1114112K
  class space    used 9405K, committed 9728K, reserved 1048576K
}
Event: 8.309 GC heap before
{Heap before GC invocations=37 (full 0):
 garbage-first heap   total 69632K, used 49587K [0x000000070a000000, 0x0000000800000000)
  region size 2048K, 9 young (18432K), 2 survivors (4096K)
 Metaspace       used 73399K, committed 73984K, reserved 1114112K
  class space    used 9485K, committed 9792K, reserved 1048576K
}
Event: 8.310 GC heap after
{Heap after GC invocations=38 (full 0):
 garbage-first heap   total 69632K, used 36262K [0x000000070a000000, 0x0000000800000000)
  region size 2048K, 2 young (4096K), 2 survivors (4096K)
 Metaspace       used 73399K, committed 73984K, reserved 1114112K
  class space    used 9485K, committed 9792K, reserved 1048576K
}
Event: 8.614 GC heap before
{Heap before GC invocations=38 (full 0):
 garbage-first heap   total 69632K, used 54694K [0x000000070a000000, 0x0000000800000000)
  region size 2048K, 11 young (22528K), 2 survivors (4096K)
 Metaspace       used 75996K, committed 76544K, reserved 1179648K
  class space    used 9882K, committed 10176K, reserved 1048576K
}
Event: 8.616 GC heap after
{Heap after GC invocations=39 (full 0):
 garbage-first heap   total 69632K, used 37639K [0x000000070a000000, 0x0000000800000000)
  region size 2048K, 2 young (4096K), 2 survivors (4096K)
 Metaspace       used 75996K, committed 76544K, reserved 1179648K
  class space    used 9882K, committed 10176K, reserved 1048576K
}
Event: 9.019 GC heap before
{Heap before GC invocations=40 (full 0):
 garbage-first heap   total 69632K, used 56071K [0x000000070a000000, 0x0000000800000000)
  region size 2048K, 11 young (22528K), 2 survivors (4096K)
 Metaspace       used 78325K, committed 78912K, reserved 1179648K
  class space    used 10218K, committed 10496K, reserved 1048576K
}
Event: 9.023 GC heap after
{Heap after GC invocations=41 (full 0):
 garbage-first heap   total 69632K, used 39851K [0x000000070a000000, 0x0000000800000000)
  region size 2048K, 2 young (4096K), 2 survivors (4096K)
 Metaspace       used 78325K, committed 78912K, reserved 1179648K
  class space    used 10218K, committed 10496K, reserved 1048576K
}
Event: 9.498 GC heap before
{Heap before GC invocations=41 (full 0):
 garbage-first heap   total 69632K, used 56235K [0x000000070a000000, 0x0000000800000000)
  region size 2048K, 10 young (20480K), 2 survivors (4096K)
 Metaspace       used 79617K, committed 80192K, reserved 1179648K
  class space    used 10427K, committed 10688K, reserved 1048576K
}
Event: 9.502 GC heap after
{Heap after GC invocations=42 (full 0):
 garbage-first heap   total 69632K, used 41733K [0x000000070a000000, 0x0000000800000000)
  region size 2048K, 2 young (4096K), 2 survivors (4096K)
 Metaspace       used 79617K, committed 80192K, reserved 1179648K
  class space    used 10427K, committed 10688K, reserved 1048576K
}
Event: 10.010 GC heap before
{Heap before GC invocations=43 (full 0):
 garbage-first heap   total 79872K, used 51973K [0x000000070a000000, 0x0000000800000000)
  region size 2048K, 8 young (16384K), 2 survivors (4096K)
 Metaspace       used 81305K, committed 81984K, reserved 1179648K
  class space    used 10652K, committed 11008K, reserved 1048576K
}
Event: 10.012 GC heap after
{Heap after GC invocations=44 (full 0):
 garbage-first heap   total 79872K, used 42800K [0x000000070a000000, 0x0000000800000000)
  region size 2048K, 1 young (2048K), 1 survivors (2048K)
 Metaspace       used 81305K, committed 81984K, reserved 1179648K
  class space    used 10652K, committed 11008K, reserved 1048576K
}
Event: 19.104 GC heap before
{Heap before GC invocations=44 (full 0):
 garbage-first heap   total 79872K, used 63280K [0x000000070a000000, 0x0000000800000000)
  region size 2048K, 11 young (22528K), 1 survivors (2048K)
 Metaspace       used 83576K, committed 84224K, reserved 1179648K
  class space    used 10959K, committed 11264K, reserved 1048576K
}
Event: 19.107 GC heap after
{Heap after GC invocations=45 (full 0):
 garbage-first heap   total 79872K, used 43561K [0x000000070a000000, 0x0000000800000000)
  region size 2048K, 1 young (2048K), 1 survivors (2048K)
 Metaspace       used 83576K, committed 84224K, reserved 1179648K
  class space    used 10959K, committed 11264K, reserved 1048576K
}

