# JRE version: OpenJDK Runtime Environment Temurin-17.0.10+7 (17.0.10+7) (build 17.0.10+7)
# Java VM: OpenJDK 64-Bit Server VM Temurin-17.0.10+7 (17.0.10+7, mixed mode, tiered, compressed oops, compressed class ptrs, parallel gc, windows-amd64)
GC Precious Log:
 CPUs: 16 total, 16 available
 Memory: 15741M
 Large Page Support: Disabled
 NUMA Support: Disabled
 Compressed Oops: Enabled (32-bit)
 Alignments: Space 512K, Generation 512K, Heap 2M
 Heap Min Capacity: 100M
 Heap Initial Capacity: 100M
 Heap Max Capacity: 1G
 Pre-touch: Disabled
 Parallel Workers: 13
Heap:
 PSYoungGen      total 62464K, used 60154K [0x00000000eab00000, 0x00000000ef780000, 0x0000000100000000)
  eden space 51200K, 96% used [0x00000000eab00000,0x00000000edb046f0,0x00000000edd00000)
  from space 11264K, 97% used [0x00000000eec80000,0x00000000ef73a258,0x00000000ef780000)
  to   space 12288K, 0% used [0x00000000edf80000,0x00000000edf80000,0x00000000eeb80000)
 ParOldGen       total 254464K, used 215950K [0x00000000c0000000, 0x00000000cf880000, 0x00000000eab00000)
  object space 254464K, 84% used [0x00000000c0000000,0x00000000cd2e38e0,0x00000000cf880000)
 Metaspace       used 80335K, committed 81792K, reserved 1179648K
  class space    used 8120K, committed 8768K, reserved 1048576K
GC Heap History (20 events):
Event: 19.747 GC heap before
{Heap before GC invocations=221 (full 13):
 PSYoungGen      total 67072K, used 10514K [0x00000000eab00000, 0x00000000efd00000, 0x0000000100000000)
  eden space 56320K, 0% used [0x00000000eab00000,0x00000000eab00000,0x00000000ee200000)
  from space 10752K, 97% used [0x00000000ef280000,0x00000000efcc4830,0x00000000efd00000)
  to   space 12800K, 0% used [0x00000000ee400000,0x00000000ee400000,0x00000000ef080000)
 ParOldGen       total 310272K, used 309071K [0x00000000c0000000, 0x00000000d2f00000, 0x00000000eab00000)
  object space 310272K, 99% used [0x00000000c0000000,0x00000000d2dd3ff8,0x00000000d2f00000)
 Metaspace       used 74632K, committed 76032K, reserved 1179648K
  class space    used 7771K, committed 8384K, reserved 1048576K
}
Event: 19.845 GC heap after
{Heap after GC invocations=221 (full 13):
 PSYoungGen      total 71168K, used 0K [0x00000000eab00000, 0x00000000efd00000, 0x0000000100000000)
  eden space 58368K, 0% used [0x00000000eab00000,0x00000000eab00000,0x00000000ee400000)
  from space 12800K, 0% used [0x00000000ee400000,0x00000000ee400000,0x00000000ef080000)
  to   space 12800K, 0% used [0x00000000ef080000,0x00000000ef080000,0x00000000efd00000)
 ParOldGen       total 254464K, used 197808K [0x00000000c0000000, 0x00000000cf880000, 0x00000000eab00000)
  object space 254464K, 77% used [0x00000000c0000000,0x00000000cc12c2e0,0x00000000cf880000)
 Metaspace       used 74627K, committed 76032K, reserved 1179648K
  class space    used 7770K, committed 8384K, reserved 1048576K
}
Event: 20.294 GC heap before
{Heap before GC invocations=222 (full 13):
 PSYoungGen      total 71168K, used 58368K [0x00000000eab00000, 0x00000000efd00000, 0x0000000100000000)
  eden space 58368K, 100% used [0x00000000eab00000,0x00000000ee400000,0x00000000ee400000)
  from space 12800K, 0% used [0x00000000ee400000,0x00000000ee400000,0x00000000ef080000)
  to   space 12800K, 0% used [0x00000000ef080000,0x00000000ef080000,0x00000000efd00000)
 ParOldGen       total 254464K, used 197808K [0x00000000c0000000, 0x00000000cf880000, 0x00000000eab00000)
  object space 254464K, 77% used [0x00000000c0000000,0x00000000cc12c2e0,0x00000000cf880000)
 Metaspace       used 75173K, committed 76608K, reserved 1179648K
  class space    used 7789K, committed 8448K, reserved 1048576K
}
Event: 20.297 GC heap after
{Heap after GC invocations=222 (full 13):
 PSYoungGen      total 62976K, used 2560K [0x00000000eab00000, 0x00000000ef380000, 0x0000000100000000)
  eden space 59904K, 0% used [0x00000000eab00000,0x00000000eab00000,0x00000000ee580000)
  from space 3072K, 83% used [0x00000000ef080000,0x00000000ef300020,0x00000000ef380000)
  to   space 6144K, 0% used [0x00000000ee780000,0x00000000ee780000,0x00000000eed80000)
 ParOldGen       total 254464K, used 197816K [0x00000000c0000000, 0x00000000cf880000, 0x00000000eab00000)
  object space 254464K, 77% used [0x00000000c0000000,0x00000000cc12e2e0,0x00000000cf880000)
 Metaspace       used 75173K, committed 76608K, reserved 1179648K
  class space    used 7789K, committed 8448K, reserved 1048576K
}
Event: 20.639 GC heap before
{Heap before GC invocations=223 (full 13):
 PSYoungGen      total 62976K, used 62464K [0x00000000eab00000, 0x00000000ef380000, 0x0000000100000000)
  eden space 59904K, 100% used [0x00000000eab00000,0x00000000ee580000,0x00000000ee580000)
  from space 3072K, 83% used [0x00000000ef080000,0x00000000ef300020,0x00000000ef380000)
  to   space 6144K, 0% used [0x00000000ee780000,0x00000000ee780000,0x00000000eed80000)
 ParOldGen       total 254464K, used 197816K [0x00000000c0000000, 0x00000000cf880000, 0x00000000eab00000)
  object space 254464K, 77% used [0x00000000c0000000,0x00000000cc12e2e0,0x00000000cf880000)
 Metaspace       used 75529K, committed 76992K, reserved 1179648K
  class space    used 7813K, committed 8448K, reserved 1048576K
}
Event: 20.641 GC heap after
{Heap after GC invocations=223 (full 13):
 PSYoungGen      total 65024K, used 3426K [0x00000000eab00000, 0x00000000ef100000, 0x0000000100000000)
  eden space 61440K, 0% used [0x00000000eab00000,0x00000000eab00000,0x00000000ee700000)
  from space 3584K, 95% used [0x00000000ee780000,0x00000000eead8820,0x00000000eeb00000)
  to   space 4096K, 0% used [0x00000000eed00000,0x00000000eed00000,0x00000000ef100000)
 ParOldGen       total 254464K, used 197824K [0x00000000c0000000, 0x00000000cf880000, 0x00000000eab00000)
  object space 254464K, 77% used [0x00000000c0000000,0x00000000cc1302e0,0x00000000cf880000)
 Metaspace       used 75529K, committed 76992K, reserved 1179648K
  class space    used 7813K, committed 8448K, reserved 1048576K
}
Event: 21.584 GC heap before
{Heap before GC invocations=224 (full 13):
 PSYoungGen      total 65024K, used 64866K [0x00000000eab00000, 0x00000000ef100000, 0x0000000100000000)
  eden space 61440K, 100% used [0x00000000eab00000,0x00000000ee700000,0x00000000ee700000)
  from space 3584K, 95% used [0x00000000ee780000,0x00000000eead8820,0x00000000eeb00000)
  to   space 4096K, 0% used [0x00000000eed00000,0x00000000eed00000,0x00000000ef100000)
 ParOldGen       total 254464K, used 197824K [0x00000000c0000000, 0x00000000cf880000, 0x00000000eab00000)
  object space 254464K, 77% used [0x00000000c0000000,0x00000000cc1302e0,0x00000000cf880000)
 Metaspace       used 75783K, committed 77184K, reserved 1179648K
  class space    used 7842K, committed 8448K, reserved 1048576K
}
Event: 21.585 GC heap after
{Heap after GC invocations=224 (full 13):
 PSYoungGen      total 66048K, used 3425K [0x00000000eab00000, 0x00000000ef080000, 0x0000000100000000)
  eden space 62464K, 0% used [0x00000000eab00000,0x00000000eab00000,0x00000000ee800000)
  from space 3584K, 95% used [0x00000000eed00000,0x00000000ef058778,0x00000000ef080000)
  to   space 3584K, 0% used [0x00000000ee980000,0x00000000ee980000,0x00000000eed00000)
 ParOldGen       total 254464K, used 197832K [0x00000000c0000000, 0x00000000cf880000, 0x00000000eab00000)
  object space 254464K, 77% used [0x00000000c0000000,0x00000000cc1322e0,0x00000000cf880000)
 Metaspace       used 75783K, committed 77184K, reserved 1179648K
  class space    used 7842K, committed 8448K, reserved 1048576K
}
Event: 21.812 GC heap before
{Heap before GC invocations=225 (full 13):
 PSYoungGen      total 66048K, used 65889K [0x00000000eab00000, 0x00000000ef080000, 0x0000000100000000)
  eden space 62464K, 100% used [0x00000000eab00000,0x00000000ee800000,0x00000000ee800000)
  from space 3584K, 95% used [0x00000000eed00000,0x00000000ef058778,0x00000000ef080000)
  to   space 3584K, 0% used [0x00000000ee980000,0x00000000ee980000,0x00000000eed00000)
 ParOldGen       total 254464K, used 197832K [0x00000000c0000000, 0x00000000cf880000, 0x00000000eab00000)
  object space 254464K, 77% used [0x00000000c0000000,0x00000000cc1322e0,0x00000000cf880000)
 Metaspace       used 76080K, committed 77504K, reserved 1179648K
  class space    used 7869K, committed 8512K, reserved 1048576K
}
Event: 21.816 GC heap after
{Heap after GC invocations=225 (full 13):
 PSYoungGen      total 67584K, used 3574K [0x00000000eab00000, 0x00000000efe80000, 0x0000000100000000)
  eden space 64000K, 0% used [0x00000000eab00000,0x00000000eab00000,0x00000000ee980000)
  from space 3584K, 99% used [0x00000000ee980000,0x00000000eecfd960,0x00000000eed00000)
  to   space 10752K, 0% used [0x00000000ef400000,0x00000000ef400000,0x00000000efe80000)
 ParOldGen       total 254464K, used 203934K [0x00000000c0000000, 0x00000000cf880000, 0x00000000eab00000)
  object space 254464K, 80% used [0x00000000c0000000,0x00000000cc727a28,0x00000000cf880000)
 Metaspace       used 76080K, committed 77504K, reserved 1179648K
  class space    used 7869K, committed 8512K, reserved 1048576K
}
Event: 22.146 GC heap before
{Heap before GC invocations=226 (full 13):
 PSYoungGen      total 67584K, used 67574K [0x00000000eab00000, 0x00000000efe80000, 0x0000000100000000)
  eden space 64000K, 100% used [0x00000000eab00000,0x00000000ee980000,0x00000000ee980000)
  from space 3584K, 99% used [0x00000000ee980000,0x00000000eecfd960,0x00000000eed00000)
  to   space 10752K, 0% used [0x00000000ef400000,0x00000000ef400000,0x00000000efe80000)
 ParOldGen       total 254464K, used 203934K [0x00000000c0000000, 0x00000000cf880000, 0x00000000eab00000)
  object space 254464K, 80% used [0x00000000c0000000,0x00000000cc727a28,0x00000000cf880000)
 Metaspace       used 76511K, committed 77952K, reserved 1179648K
  class space    used 7885K, committed 8512K, reserved 1048576K
}
Event: 22.151 GC heap after
{Heap after GC invocations=226 (full 13):
 PSYoungGen      total 74752K, used 9186K [0x00000000eab00000, 0x00000000efd80000, 0x0000000100000000)
  eden space 65024K, 0% used [0x00000000eab00000,0x00000000eab00000,0x00000000eea80000)
  from space 9728K, 94% used [0x00000000ef400000,0x00000000efcf8ba8,0x00000000efd80000)
  to   space 9728K, 0% used [0x00000000eea80000,0x00000000eea80000,0x00000000ef400000)
 ParOldGen       total 254464K, used 203942K [0x00000000c0000000, 0x00000000cf880000, 0x00000000eab00000)
  object space 254464K, 80% used [0x00000000c0000000,0x00000000cc729a28,0x00000000cf880000)
 Metaspace       used 76511K, committed 77952K, reserved 1179648K
  class space    used 7885K, committed 8512K, reserved 1048576K
}
Event: 49.349 GC heap before
{Heap before GC invocations=227 (full 13):
 PSYoungGen      total 74752K, used 74184K [0x00000000eab00000, 0x00000000efd80000, 0x0000000100000000)
  eden space 65024K, 99% used [0x00000000eab00000,0x00000000eea79738,0x00000000eea80000)
  from space 9728K, 94% used [0x00000000ef400000,0x00000000efcf8ba8,0x00000000efd80000)
  to   space 9728K, 0% used [0x00000000eea80000,0x00000000eea80000,0x00000000ef400000)
 ParOldGen       total 254464K, used 203942K [0x00000000c0000000, 0x00000000cf880000, 0x00000000eab00000)
  object space 254464K, 80% used [0x00000000c0000000,0x00000000cc729a28,0x00000000cf880000)
 Metaspace       used 77129K, committed 78528K, reserved 1179648K
  class space    used 7942K, committed 8576K, reserved 1048576K
}
Event: 49.352 GC heap after
{Heap after GC invocations=227 (full 13):
 PSYoungGen      total 71680K, used 7838K [0x00000000eab00000, 0x00000000efa00000, 0x0000000100000000)
  eden space 63488K, 0% used [0x00000000eab00000,0x00000000eab00000,0x00000000ee900000)
  from space 8192K, 95% used [0x00000000eea80000,0x00000000ef227b58,0x00000000ef280000)
  to   space 7680K, 0% used [0x00000000ef280000,0x00000000ef280000,0x00000000efa00000)
 ParOldGen       total 254464K, used 203950K [0x00000000c0000000, 0x00000000cf880000, 0x00000000eab00000)
  object space 254464K, 80% used [0x00000000c0000000,0x00000000cc72ba28,0x00000000cf880000)
 Metaspace       used 77129K, committed 78528K, reserved 1179648K
  class space    used 7942K, committed 8576K, reserved 1048576K
}
Event: 49.877 GC heap before
{Heap before GC invocations=228 (full 13):
 PSYoungGen      total 71680K, used 71300K [0x00000000eab00000, 0x00000000efa00000, 0x0000000100000000)
  eden space 63488K, 99% used [0x00000000eab00000,0x00000000ee8f95c8,0x00000000ee900000)
  from space 8192K, 95% used [0x00000000eea80000,0x00000000ef227b58,0x00000000ef280000)
  to   space 7680K, 0% used [0x00000000ef280000,0x00000000ef280000,0x00000000efa00000)
 ParOldGen       total 254464K, used 203950K [0x00000000c0000000, 0x00000000cf880000, 0x00000000eab00000)
  object space 254464K, 80% used [0x00000000c0000000,0x00000000cc72ba28,0x00000000cf880000)
 Metaspace       used 77895K, committed 79296K, reserved 1179648K
  class space    used 8007K, committed 8640K, reserved 1048576K
}
Event: 49.884 GC heap after
{Heap after GC invocations=228 (full 13):
 PSYoungGen      total 60928K, used 7669K [0x00000000eab00000, 0x00000000f0e80000, 0x0000000100000000)
  eden space 53248K, 0% used [0x00000000eab00000,0x00000000eab00000,0x00000000edf00000)
  from space 7680K, 99% used [0x00000000ef280000,0x00000000ef9fd720,0x00000000efa00000)
  to   space 19968K, 0% used [0x00000000edf00000,0x00000000edf00000,0x00000000ef280000)
 ParOldGen       total 254464K, used 214193K [0x00000000c0000000, 0x00000000cf880000, 0x00000000eab00000)
  object space 254464K, 84% used [0x00000000c0000000,0x00000000cd12c728,0x00000000cf880000)
 Metaspace       used 77895K, committed 79296K, reserved 1179648K
  class space    used 8007K, committed 8640K, reserved 1048576K
}
Event: 50.466 GC heap before
{Heap before GC invocations=229 (full 13):
 PSYoungGen      total 60928K, used 60917K [0x00000000eab00000, 0x00000000f0e80000, 0x0000000100000000)
  eden space 53248K, 100% used [0x00000000eab00000,0x00000000edf00000,0x00000000edf00000)
  from space 7680K, 99% used [0x00000000ef280000,0x00000000ef9fd720,0x00000000efa00000)
  to   space 19968K, 0% used [0x00000000edf00000,0x00000000edf00000,0x00000000ef280000)
 ParOldGen       total 254464K, used 214193K [0x00000000c0000000, 0x00000000cf880000, 0x00000000eab00000)
  object space 254464K, 84% used [0x00000000c0000000,0x00000000cd12c728,0x00000000cf880000)
 Metaspace       used 79316K, committed 80768K, reserved 1179648K
  class space    used 8058K, committed 8704K, reserved 1048576K
}
Event: 50.473 GC heap after
{Heap after GC invocations=229 (full 13):
 PSYoungGen      total 65024K, used 12477K [0x00000000eab00000, 0x00000000efb00000, 0x0000000100000000)
  eden space 52224K, 0% used [0x00000000eab00000,0x00000000eab00000,0x00000000ede00000)
  from space 12800K, 97% used [0x00000000edf00000,0x00000000eeb2f610,0x00000000eeb80000)
  to   space 14848K, 0% used [0x00000000eec80000,0x00000000eec80000,0x00000000efb00000)
 ParOldGen       total 254464K, used 215942K [0x00000000c0000000, 0x00000000cf880000, 0x00000000eab00000)
  object space 254464K, 84% used [0x00000000c0000000,0x00000000cd2e18e0,0x00000000cf880000)
 Metaspace       used 79316K, committed 80768K, reserved 1179648K
  class space    used 8058K, committed 8704K, reserved 1048576K
}
Event: 50.917 GC heap before
{Heap before GC invocations=230 (full 13):
 PSYoungGen      total 65024K, used 64701K [0x00000000eab00000, 0x00000000efb00000, 0x0000000100000000)
  eden space 52224K, 100% used [0x00000000eab00000,0x00000000ede00000,0x00000000ede00000)
  from space 12800K, 97% used [0x00000000edf00000,0x00000000eeb2f610,0x00000000eeb80000)
  to   space 14848K, 0% used [0x00000000eec80000,0x00000000eec80000,0x00000000efb00000)
 ParOldGen       total 254464K, used 215942K [0x00000000c0000000, 0x00000000cf880000, 0x00000000eab00000)
  object space 254464K, 84% used [0x00000000c0000000,0x00000000cd2e18e0,0x00000000cf880000)
 Metaspace       used 80060K, committed 81536K, reserved 1179648K
  class space    used 8116K, committed 8768K, reserved 1048576K
}
Event: 50.923 GC heap after
{Heap after GC invocations=230 (full 13):
 PSYoungGen      total 62464K, used 10984K [0x00000000eab00000, 0x00000000ef780000, 0x0000000100000000)
  eden space 51200K, 0% used [0x00000000eab00000,0x00000000eab00000,0x00000000edd00000)
  from space 11264K, 97% used [0x00000000eec80000,0x00000000ef73a258,0x00000000ef780000)
  to   space 12288K, 0% used [0x00000000edf80000,0x00000000edf80000,0x00000000eeb80000)
 ParOldGen       total 254464K, used 215950K [0x00000000c0000000, 0x00000000cf880000, 0x00000000eab00000)
  object space 254464K, 84% used [0x00000000c0000000,0x00000000cd2e38e0,0x00000000cf880000)
 Metaspace       used 80060K, committed 81536K, reserved 1179648K
  class space    used 8116K, committed 8768K, reserved 1048576K
}

