# JRE version: OpenJDK Runtime Environment Temurin-17.0.10+7 (17.0.10+7) (build 17.0.10+7)
# Java VM: OpenJDK 64-Bit Server VM Temurin-17.0.10+7 (17.0.10+7, mixed mode, tiered, compressed oops, compressed class ptrs, parallel gc, windows-amd64)
GC Precious Log:
 CPUs: 16 total, 16 available
 Memory: 15741M
 Large Page Support: Disabled
 NUMA Support: Disabled
 Compressed Oops: Enabled (32-bit)
 Alignments: Space 512K, Generation 512K, Heap 2M
 Heap Min Capacity: 100M
 Heap Initial Capacity: 100M
 Heap Max Capacity: 1G
 Pre-touch: Disabled
 Parallel Workers: 13
Heap:
 PSYoungGen      total 21504K, used 4428K [0x00000000eab00000, 0x00000000ec380000, 0x0000000100000000)
  eden space 18944K, 9% used [0x00000000eab00000,0x00000000eacd8fb8,0x00000000ebd80000)
  from space 2560K, 99% used [0x00000000ebe00000,0x00000000ec07a0f8,0x00000000ec080000)
  to   space 3072K, 0% used [0x00000000ec080000,0x00000000ec080000,0x00000000ec380000)
 ParOldGen       total 92672K, used 66778K [0x00000000c0000000, 0x00000000c5a80000, 0x00000000eab00000)
  object space 92672K, 72% used [0x00000000c0000000,0x00000000c4136ab0,0x00000000c5a80000)
 Metaspace       used 53435K, committed 54464K, reserved 1114112K
  class space    used 5708K, committed 6144K, reserved 1048576K
GC Heap History (20 events):
Event: 5.881 GC heap before
{Heap before GC invocations=27 (full 2):
 PSYoungGen      total 24576K, used 24110K [0x00000000eab00000, 0x00000000ec900000, 0x0000000100000000)
  eden space 20992K, 99% used [0x00000000eab00000,0x00000000ebf7ef70,0x00000000ebf80000)
  from space 3584K, 87% used [0x00000000ec580000,0x00000000ec88cc40,0x00000000ec900000)
  to   space 4096K, 0% used [0x00000000ec100000,0x00000000ec100000,0x00000000ec500000)
 ParOldGen       total 68608K, used 43934K [0x00000000c0000000, 0x00000000c4300000, 0x00000000eab00000)
  object space 68608K, 64% used [0x00000000c0000000,0x00000000c2ae7a18,0x00000000c4300000)
 Metaspace       used 50325K, committed 51328K, reserved 1114112K
  class space    used 5321K, committed 5760K, reserved 1048576K
}
Event: 5.884 GC heap after
{Heap after GC invocations=27 (full 2):
 PSYoungGen      total 24576K, used 3114K [0x00000000eab00000, 0x00000000ec680000, 0x0000000100000000)
  eden space 20992K, 0% used [0x00000000eab00000,0x00000000eab00000,0x00000000ebf80000)
  from space 3584K, 86% used [0x00000000ec100000,0x00000000ec40ab50,0x00000000ec480000)
  to   space 2048K, 0% used [0x00000000ec480000,0x00000000ec480000,0x00000000ec680000)
 ParOldGen       total 68608K, used 46815K [0x00000000c0000000, 0x00000000c4300000, 0x00000000eab00000)
  object space 68608K, 68% used [0x00000000c0000000,0x00000000c2db7e60,0x00000000c4300000)
 Metaspace       used 50325K, committed 51328K, reserved 1114112K
  class space    used 5321K, committed 5760K, reserved 1048576K
}
Event: 5.952 GC heap before
{Heap before GC invocations=28 (full 2):
 PSYoungGen      total 24576K, used 24106K [0x00000000eab00000, 0x00000000ec680000, 0x0000000100000000)
  eden space 20992K, 100% used [0x00000000eab00000,0x00000000ebf80000,0x00000000ebf80000)
  from space 3584K, 86% used [0x00000000ec100000,0x00000000ec40ab50,0x00000000ec480000)
  to   space 2048K, 0% used [0x00000000ec480000,0x00000000ec480000,0x00000000ec680000)
 ParOldGen       total 68608K, used 46815K [0x00000000c0000000, 0x00000000c4300000, 0x00000000eab00000)
  object space 68608K, 68% used [0x00000000c0000000,0x00000000c2db7e60,0x00000000c4300000)
 Metaspace       used 50639K, committed 51584K, reserved 1114112K
  class space    used 5359K, committed 5760K, reserved 1048576K
}
Event: 5.955 GC heap after
{Heap after GC invocations=28 (full 2):
 PSYoungGen      total 21504K, used 2017K [0x00000000eab00000, 0x00000000ecc80000, 0x0000000100000000)
  eden space 19456K, 0% used [0x00000000eab00000,0x00000000eab00000,0x00000000ebe00000)
  from space 2048K, 98% used [0x00000000ec480000,0x00000000ec678528,0x00000000ec680000)
  to   space 6656K, 0% used [0x00000000ebe00000,0x00000000ebe00000,0x00000000ec480000)
 ParOldGen       total 68608K, used 50730K [0x00000000c0000000, 0x00000000c4300000, 0x00000000eab00000)
  object space 68608K, 73% used [0x00000000c0000000,0x00000000c318abd0,0x00000000c4300000)
 Metaspace       used 50639K, committed 51584K, reserved 1114112K
  class space    used 5359K, committed 5760K, reserved 1048576K
}
Event: 6.036 GC heap before
{Heap before GC invocations=29 (full 2):
 PSYoungGen      total 21504K, used 21469K [0x00000000eab00000, 0x00000000ecc80000, 0x0000000100000000)
  eden space 19456K, 99% used [0x00000000eab00000,0x00000000ebdff050,0x00000000ebe00000)
  from space 2048K, 98% used [0x00000000ec480000,0x00000000ec678528,0x00000000ec680000)
  to   space 6656K, 0% used [0x00000000ebe00000,0x00000000ebe00000,0x00000000ec480000)
 ParOldGen       total 68608K, used 50730K [0x00000000c0000000, 0x00000000c4300000, 0x00000000eab00000)
  object space 68608K, 73% used [0x00000000c0000000,0x00000000c318abd0,0x00000000c4300000)
 Metaspace       used 50947K, committed 51904K, reserved 1114112K
  class space    used 5402K, committed 5824K, reserved 1048576K
}
Event: 6.040 GC heap after
{Heap after GC invocations=29 (full 2):
 PSYoungGen      total 22528K, used 2687K [0x00000000eab00000, 0x00000000ec600000, 0x0000000100000000)
  eden space 19456K, 0% used [0x00000000eab00000,0x00000000eab00000,0x00000000ebe00000)
  from space 3072K, 87% used [0x00000000ebe00000,0x00000000ec09fe20,0x00000000ec100000)
  to   space 4096K, 0% used [0x00000000ec200000,0x00000000ec200000,0x00000000ec600000)
 ParOldGen       total 68608K, used 52781K [0x00000000c0000000, 0x00000000c4300000, 0x00000000eab00000)
  object space 68608K, 76% used [0x00000000c0000000,0x00000000c338b520,0x00000000c4300000)
 Metaspace       used 50947K, committed 51904K, reserved 1114112K
  class space    used 5402K, committed 5824K, reserved 1048576K
}
Event: 6.127 GC heap before
{Heap before GC invocations=30 (full 2):
 PSYoungGen      total 22528K, used 22122K [0x00000000eab00000, 0x00000000ec600000, 0x0000000100000000)
  eden space 19456K, 99% used [0x00000000eab00000,0x00000000ebdfac90,0x00000000ebe00000)
  from space 3072K, 87% used [0x00000000ebe00000,0x00000000ec09fe20,0x00000000ec100000)
  to   space 4096K, 0% used [0x00000000ec200000,0x00000000ec200000,0x00000000ec600000)
 ParOldGen       total 68608K, used 52781K [0x00000000c0000000, 0x00000000c4300000, 0x00000000eab00000)
  object space 68608K, 76% used [0x00000000c0000000,0x00000000c338b520,0x00000000c4300000)
 Metaspace       used 51488K, committed 52480K, reserved 1114112K
  class space    used 5463K, committed 5888K, reserved 1048576K
}
Event: 6.131 GC heap after
{Heap after GC invocations=30 (full 2):
 PSYoungGen      total 23552K, used 3447K [0x00000000eab00000, 0x00000000ec600000, 0x0000000100000000)
  eden space 19456K, 0% used [0x00000000eab00000,0x00000000eab00000,0x00000000ebe00000)
  from space 4096K, 84% used [0x00000000ec200000,0x00000000ec55de60,0x00000000ec600000)
  to   space 4096K, 0% used [0x00000000ebe00000,0x00000000ebe00000,0x00000000ec200000)
 ParOldGen       total 68608K, used 55369K [0x00000000c0000000, 0x00000000c4300000, 0x00000000eab00000)
  object space 68608K, 80% used [0x00000000c0000000,0x00000000c3612420,0x00000000c4300000)
 Metaspace       used 51488K, committed 52480K, reserved 1114112K
  class space    used 5463K, committed 5888K, reserved 1048576K
}
Event: 6.213 GC heap before
{Heap before GC invocations=31 (full 2):
 PSYoungGen      total 23552K, used 22903K [0x00000000eab00000, 0x00000000ec600000, 0x0000000100000000)
  eden space 19456K, 100% used [0x00000000eab00000,0x00000000ebe00000,0x00000000ebe00000)
  from space 4096K, 84% used [0x00000000ec200000,0x00000000ec55de60,0x00000000ec600000)
  to   space 4096K, 0% used [0x00000000ebe00000,0x00000000ebe00000,0x00000000ec200000)
 ParOldGen       total 68608K, used 55369K [0x00000000c0000000, 0x00000000c4300000, 0x00000000eab00000)
  object space 68608K, 80% used [0x00000000c0000000,0x00000000c3612420,0x00000000c4300000)
 Metaspace       used 51806K, committed 52800K, reserved 1114112K
  class space    used 5506K, committed 5952K, reserved 1048576K
}
Event: 6.218 GC heap after
{Heap after GC invocations=31 (full 2):
 PSYoungGen      total 22528K, used 2913K [0x00000000eab00000, 0x00000000ec500000, 0x0000000100000000)
  eden space 19456K, 0% used [0x00000000eab00000,0x00000000eab00000,0x00000000ebe00000)
  from space 3072K, 94% used [0x00000000ebe00000,0x00000000ec0d87c8,0x00000000ec100000)
  to   space 3584K, 0% used [0x00000000ec180000,0x00000000ec180000,0x00000000ec500000)
 ParOldGen       total 68608K, used 58575K [0x00000000c0000000, 0x00000000c4300000, 0x00000000eab00000)
  object space 68608K, 85% used [0x00000000c0000000,0x00000000c3933cf8,0x00000000c4300000)
 Metaspace       used 51806K, committed 52800K, reserved 1114112K
  class space    used 5506K, committed 5952K, reserved 1048576K
}
Event: 6.291 GC heap before
{Heap before GC invocations=32 (full 2):
 PSYoungGen      total 22528K, used 22369K [0x00000000eab00000, 0x00000000ec500000, 0x0000000100000000)
  eden space 19456K, 100% used [0x00000000eab00000,0x00000000ebe00000,0x00000000ebe00000)
  from space 3072K, 94% used [0x00000000ebe00000,0x00000000ec0d87c8,0x00000000ec100000)
  to   space 3584K, 0% used [0x00000000ec180000,0x00000000ec180000,0x00000000ec500000)
 ParOldGen       total 68608K, used 58575K [0x00000000c0000000, 0x00000000c4300000, 0x00000000eab00000)
  object space 68608K, 85% used [0x00000000c0000000,0x00000000c3933cf8,0x00000000c4300000)
 Metaspace       used 52021K, committed 52992K, reserved 1114112K
  class space    used 5536K, committed 5952K, reserved 1048576K
}
Event: 6.294 GC heap after
{Heap after GC invocations=32 (full 2):
 PSYoungGen      total 23040K, used 3285K [0x00000000eab00000, 0x00000000ec500000, 0x0000000100000000)
  eden space 19456K, 0% used [0x00000000eab00000,0x00000000eab00000,0x00000000ebe00000)
  from space 3584K, 91% used [0x00000000ec180000,0x00000000ec4b54b0,0x00000000ec500000)
  to   space 3584K, 0% used [0x00000000ebe00000,0x00000000ebe00000,0x00000000ec180000)
 ParOldGen       total 68608K, used 61354K [0x00000000c0000000, 0x00000000c4300000, 0x00000000eab00000)
  object space 68608K, 89% used [0x00000000c0000000,0x00000000c3beab78,0x00000000c4300000)
 Metaspace       used 52021K, committed 52992K, reserved 1114112K
  class space    used 5536K, committed 5952K, reserved 1048576K
}
Event: 6.364 GC heap before
{Heap before GC invocations=33 (full 2):
 PSYoungGen      total 23040K, used 22741K [0x00000000eab00000, 0x00000000ec500000, 0x0000000100000000)
  eden space 19456K, 100% used [0x00000000eab00000,0x00000000ebe00000,0x00000000ebe00000)
  from space 3584K, 91% used [0x00000000ec180000,0x00000000ec4b54b0,0x00000000ec500000)
  to   space 3584K, 0% used [0x00000000ebe00000,0x00000000ebe00000,0x00000000ec180000)
 ParOldGen       total 68608K, used 61354K [0x00000000c0000000, 0x00000000c4300000, 0x00000000eab00000)
  object space 68608K, 89% used [0x00000000c0000000,0x00000000c3beab78,0x00000000c4300000)
 Metaspace       used 52303K, committed 53312K, reserved 1114112K
  class space    used 5574K, committed 6016K, reserved 1048576K
}
Event: 6.367 GC heap after
{Heap after GC invocations=33 (full 2):
 PSYoungGen      total 22528K, used 2920K [0x00000000eab00000, 0x00000000ec400000, 0x0000000100000000)
  eden space 19456K, 0% used [0x00000000eab00000,0x00000000eab00000,0x00000000ebe00000)
  from space 3072K, 95% used [0x00000000ebe00000,0x00000000ec0da0e8,0x00000000ec100000)
  to   space 3072K, 0% used [0x00000000ec100000,0x00000000ec100000,0x00000000ec400000)
 ParOldGen       total 68608K, used 64443K [0x00000000c0000000, 0x00000000c4300000, 0x00000000eab00000)
  object space 68608K, 93% used [0x00000000c0000000,0x00000000c3eeed80,0x00000000c4300000)
 Metaspace       used 52303K, committed 53312K, reserved 1114112K
  class space    used 5574K, committed 6016K, reserved 1048576K
}
Event: 6.424 GC heap before
{Heap before GC invocations=34 (full 2):
 PSYoungGen      total 22528K, used 22376K [0x00000000eab00000, 0x00000000ec400000, 0x0000000100000000)
  eden space 19456K, 100% used [0x00000000eab00000,0x00000000ebe00000,0x00000000ebe00000)
  from space 3072K, 95% used [0x00000000ebe00000,0x00000000ec0da0e8,0x00000000ec100000)
  to   space 3072K, 0% used [0x00000000ec100000,0x00000000ec100000,0x00000000ec400000)
 ParOldGen       total 68608K, used 64443K [0x00000000c0000000, 0x00000000c4300000, 0x00000000eab00000)
  object space 68608K, 93% used [0x00000000c0000000,0x00000000c3eeed98,0x00000000c4300000)
 Metaspace       used 52470K, committed 53504K, reserved 1114112K
  class space    used 5600K, committed 6016K, reserved 1048576K
}
Event: 6.427 GC heap after
{Heap after GC invocations=34 (full 2):
 PSYoungGen      total 22016K, used 3067K [0x00000000eab00000, 0x00000000ec500000, 0x0000000100000000)
  eden space 18944K, 0% used [0x00000000eab00000,0x00000000eab00000,0x00000000ebd80000)
  from space 3072K, 99% used [0x00000000ec100000,0x00000000ec3fef30,0x00000000ec400000)
  to   space 3584K, 0% used [0x00000000ebd80000,0x00000000ebd80000,0x00000000ec100000)
 ParOldGen       total 68608K, used 67216K [0x00000000c0000000, 0x00000000c4300000, 0x00000000eab00000)
  object space 68608K, 97% used [0x00000000c0000000,0x00000000c41a4368,0x00000000c4300000)
 Metaspace       used 52470K, committed 53504K, reserved 1114112K
  class space    used 5600K, committed 6016K, reserved 1048576K
}
Event: 6.427 GC heap before
{Heap before GC invocations=35 (full 3):
 PSYoungGen      total 22016K, used 3067K [0x00000000eab00000, 0x00000000ec500000, 0x0000000100000000)
  eden space 18944K, 0% used [0x00000000eab00000,0x00000000eab00000,0x00000000ebd80000)
  from space 3072K, 99% used [0x00000000ec100000,0x00000000ec3fef30,0x00000000ec400000)
  to   space 3584K, 0% used [0x00000000ebd80000,0x00000000ebd80000,0x00000000ec100000)
 ParOldGen       total 68608K, used 67216K [0x00000000c0000000, 0x00000000c4300000, 0x00000000eab00000)
  object space 68608K, 97% used [0x00000000c0000000,0x00000000c41a4368,0x00000000c4300000)
 Metaspace       used 52470K, committed 53504K, reserved 1114112K
  class space    used 5600K, committed 6016K, reserved 1048576K
}
Event: 6.482 GC heap after
{Heap after GC invocations=35 (full 3):
 PSYoungGen      total 22528K, used 0K [0x00000000eab00000, 0x00000000ec480000, 0x0000000100000000)
  eden space 18944K, 0% used [0x00000000eab00000,0x00000000eab00000,0x00000000ebd80000)
  from space 3584K, 0% used [0x00000000ebd80000,0x00000000ebd80000,0x00000000ec100000)
  to   space 3584K, 0% used [0x00000000ec100000,0x00000000ec100000,0x00000000ec480000)
 ParOldGen       total 92672K, used 64282K [0x00000000c0000000, 0x00000000c5a80000, 0x00000000eab00000)
  object space 92672K, 69% used [0x00000000c0000000,0x00000000c3ec6a60,0x00000000c5a80000)
 Metaspace       used 52470K, committed 53504K, reserved 1114112K
  class space    used 5600K, committed 6016K, reserved 1048576K
}
Event: 6.553 GC heap before
{Heap before GC invocations=36 (full 3):
 PSYoungGen      total 22528K, used 18944K [0x00000000eab00000, 0x00000000ec480000, 0x0000000100000000)
  eden space 18944K, 100% used [0x00000000eab00000,0x00000000ebd80000,0x00000000ebd80000)
  from space 3584K, 0% used [0x00000000ebd80000,0x00000000ebd80000,0x00000000ec100000)
  to   space 3584K, 0% used [0x00000000ec100000,0x00000000ec100000,0x00000000ec480000)
 ParOldGen       total 92672K, used 64284K [0x00000000c0000000, 0x00000000c5a80000, 0x00000000eab00000)
  object space 92672K, 69% used [0x00000000c0000000,0x00000000c3ec7390,0x00000000c5a80000)
 Metaspace       used 52780K, committed 53824K, reserved 1114112K
  class space    used 5653K, committed 6080K, reserved 1048576K
}
Event: 6.555 GC heap after
{Heap after GC invocations=36 (full 3):
 PSYoungGen      total 22016K, used 2617K [0x00000000eab00000, 0x00000000ec400000, 0x0000000100000000)
  eden space 18944K, 0% used [0x00000000eab00000,0x00000000eab00000,0x00000000ebd80000)
  from space 3072K, 85% used [0x00000000ec100000,0x00000000ec38e748,0x00000000ec400000)
  to   space 3072K, 0% used [0x00000000ebe00000,0x00000000ebe00000,0x00000000ec100000)
 ParOldGen       total 92672K, used 64292K [0x00000000c0000000, 0x00000000c5a80000, 0x00000000eab00000)
  object space 92672K, 69% used [0x00000000c0000000,0x00000000c3ec9390,0x00000000c5a80000)
 Metaspace       used 52780K, committed 53824K, reserved 1114112K
  class space    used 5653K, committed 6080K, reserved 1048576K
}

