# JRE version: OpenJDK Runtime Environment Temurin-17.0.10+7 (17.0.10+7) (build 17.0.10+7)
# Java VM: OpenJDK 64-Bit Server VM Temurin-17.0.10+7 (17.0.10+7, mixed mode, tiered, compressed oops, compressed class ptrs, g1 gc, windows-amd64)
GC Precious Log:
 CPUs: 16 total, 16 available
 Memory: 15741M
 Large Page Support: Disabled
 NUMA Support: Disabled
 Compressed Oops: Enabled (Zero based)
 Heap Region Size: 2M
 Heap Min Capacity: 8M
 Heap Initial Capacity: 246M
 Heap Max Capacity: 3936M
 Pre-touch: Disabled
 Parallel Workers: 13
 Concurrent Workers: 3
 Concurrent Refinement Workers: 13
 Periodic GC: Disabled
Heap:
 garbage-first heap   total 90112K, used 39361K [0x000000070a000000, 0x0000000800000000)
  region size 2048K, 4 young (8192K), 3 survivors (6144K)
 Metaspace       used 80074K, committed 80640K, reserved 1179648K
  class space    used 10485K, committed 10752K, reserved 1048576K
GC Heap History (20 events):
Event: 4.746 GC heap before
{Heap before GC invocations=12 (full 0):
 garbage-first heap   total 69632K, used 51025K [0x000000070a000000, 0x0000000800000000)
  region size 2048K, 15 young (30720K), 1 survivors (2048K)
 Metaspace       used 54605K, committed 55040K, reserved 1114112K
  class space    used 7106K, committed 7296K, reserved 1048576K
}
Event: 4.748 GC heap after
{Heap after GC invocations=13 (full 0):
 garbage-first heap   total 69632K, used 24494K [0x000000070a000000, 0x0000000800000000)
  region size 2048K, 2 young (4096K), 2 survivors (4096K)
 Metaspace       used 54605K, committed 55040K, reserved 1114112K
  class space    used 7106K, committed 7296K, reserved 1048576K
}
Event: 5.279 GC heap before
{Heap before GC invocations=13 (full 0):
 garbage-first heap   total 69632K, used 47022K [0x000000070a000000, 0x0000000800000000)
  region size 2048K, 15 young (30720K), 2 survivors (4096K)
 Metaspace       used 59753K, committed 60160K, reserved 1114112K
  class space    used 7722K, committed 7936K, reserved 1048576K
}
Event: 5.283 GC heap after
{Heap after GC invocations=14 (full 0):
 garbage-first heap   total 69632K, used 26754K [0x000000070a000000, 0x0000000800000000)
  region size 2048K, 2 young (4096K), 2 survivors (4096K)
 Metaspace       used 59753K, committed 60160K, reserved 1114112K
  class space    used 7722K, committed 7936K, reserved 1048576K
}
Event: 5.679 GC heap before
{Heap before GC invocations=15 (full 0):
 garbage-first heap   total 69632K, used 51330K [0x000000070a000000, 0x0000000800000000)
  region size 2048K, 14 young (28672K), 2 survivors (4096K)
 Metaspace       used 63369K, committed 63872K, reserved 1114112K
  class space    used 8314K, committed 8576K, reserved 1048576K
}
Event: 5.681 GC heap after
{Heap after GC invocations=16 (full 0):
 garbage-first heap   total 69632K, used 27411K [0x000000070a000000, 0x0000000800000000)
  region size 2048K, 1 young (2048K), 1 survivors (2048K)
 Metaspace       used 63369K, committed 63872K, reserved 1114112K
  class space    used 8314K, committed 8576K, reserved 1048576K
}
Event: 5.714 GC heap before
{Heap before GC invocations=16 (full 0):
 garbage-first heap   total 69632K, used 29459K [0x000000070a000000, 0x0000000800000000)
  region size 2048K, 2 young (4096K), 1 survivors (2048K)
 Metaspace       used 63708K, committed 64192K, reserved 1114112K
  class space    used 8363K, committed 8640K, reserved 1048576K
}
Event: 5.716 GC heap after
{Heap after GC invocations=17 (full 0):
 garbage-first heap   total 69632K, used 27078K [0x000000070a000000, 0x0000000800000000)
  region size 2048K, 1 young (2048K), 1 survivors (2048K)
 Metaspace       used 63708K, committed 64192K, reserved 1114112K
  class space    used 8363K, committed 8640K, reserved 1048576K
}
Event: 6.642 GC heap before
{Heap before GC invocations=17 (full 0):
 garbage-first heap   total 69632K, used 51654K [0x000000070a000000, 0x0000000800000000)
  region size 2048K, 13 young (26624K), 1 survivors (2048K)
 Metaspace       used 67184K, committed 67712K, reserved 1114112K
  class space    used 8774K, committed 9024K, reserved 1048576K
}
Event: 6.645 GC heap after
{Heap after GC invocations=18 (full 0):
 garbage-first heap   total 90112K, used 28586K [0x000000070a000000, 0x0000000800000000)
  region size 2048K, 2 young (4096K), 2 survivors (4096K)
 Metaspace       used 67184K, committed 67712K, reserved 1114112K
  class space    used 8774K, committed 9024K, reserved 1048576K
}
Event: 7.974 GC heap before
{Heap before GC invocations=19 (full 0):
 garbage-first heap   total 90112K, used 69546K [0x000000070a000000, 0x0000000800000000)
  region size 2048K, 22 young (45056K), 2 survivors (4096K)
 Metaspace       used 71275K, committed 71744K, reserved 1114112K
  class space    used 9291K, committed 9536K, reserved 1048576K
}
Event: 7.977 GC heap after
{Heap after GC invocations=20 (full 0):
 garbage-first heap   total 90112K, used 31877K [0x000000070a000000, 0x0000000800000000)
  region size 2048K, 3 young (6144K), 3 survivors (6144K)
 Metaspace       used 71275K, committed 71744K, reserved 1114112K
  class space    used 9291K, committed 9536K, reserved 1048576K
}
Event: 8.017 GC heap before
{Heap before GC invocations=20 (full 0):
 garbage-first heap   total 90112K, used 33925K [0x000000070a000000, 0x0000000800000000)
  region size 2048K, 4 young (8192K), 3 survivors (6144K)
 Metaspace       used 71626K, committed 72192K, reserved 1114112K
  class space    used 9329K, committed 9600K, reserved 1048576K
}
Event: 8.020 GC heap after
{Heap after GC invocations=21 (full 0):
 garbage-first heap   total 90112K, used 32284K [0x000000070a000000, 0x0000000800000000)
  region size 2048K, 1 young (2048K), 1 survivors (2048K)
 Metaspace       used 71626K, committed 72192K, reserved 1114112K
  class space    used 9329K, committed 9600K, reserved 1048576K
}
Event: 8.392 GC heap before
{Heap before GC invocations=21 (full 0):
 garbage-first heap   total 90112K, used 69148K [0x000000070a000000, 0x0000000800000000)
  region size 2048K, 19 young (38912K), 1 survivors (2048K)
 Metaspace       used 72537K, committed 73088K, reserved 1114112K
  class space    used 9405K, committed 9664K, reserved 1048576K
}
Event: 8.394 GC heap after
{Heap after GC invocations=22 (full 0):
 garbage-first heap   total 90112K, used 33337K [0x000000070a000000, 0x0000000800000000)
  region size 2048K, 1 young (2048K), 1 survivors (2048K)
 Metaspace       used 72537K, committed 73088K, reserved 1114112K
  class space    used 9405K, committed 9664K, reserved 1048576K
}
Event: 9.178 GC heap before
{Heap before GC invocations=22 (full 0):
 garbage-first heap   total 90112K, used 70201K [0x000000070a000000, 0x0000000800000000)
  region size 2048K, 19 young (38912K), 1 survivors (2048K)
 Metaspace       used 76228K, committed 76736K, reserved 1179648K
  class space    used 9916K, committed 10176K, reserved 1048576K
}
Event: 9.180 GC heap after
{Heap after GC invocations=23 (full 0):
 garbage-first heap   total 90112K, used 35813K [0x000000070a000000, 0x0000000800000000)
  region size 2048K, 3 young (6144K), 3 survivors (6144K)
 Metaspace       used 76228K, committed 76736K, reserved 1179648K
  class space    used 9916K, committed 10176K, reserved 1048576K
}
Event: 9.909 GC heap before
{Heap before GC invocations=23 (full 0):
 garbage-first heap   total 90112K, used 68581K [0x000000070a000000, 0x0000000800000000)
  region size 2048K, 19 young (38912K), 3 survivors (6144K)
 Metaspace       used 79910K, committed 80512K, reserved 1179648K
  class space    used 10461K, committed 10752K, reserved 1048576K
}
Event: 9.914 GC heap after
{Heap after GC invocations=24 (full 0):
 garbage-first heap   total 90112K, used 39361K [0x000000070a000000, 0x0000000800000000)
  region size 2048K, 3 young (6144K), 3 survivors (6144K)
 Metaspace       used 79910K, committed 80512K, reserved 1179648K
  class space    used 10461K, committed 10752K, reserved 1048576K
}

