# JRE version: OpenJDK Runtime Environment Temurin-17.0.10+7 (17.0.10+7) (build 17.0.10+7)
# Java VM: OpenJDK 64-Bit Server VM Temurin-17.0.10+7 (17.0.10+7, mixed mode, emulated-client, tiered, compressed oops, compressed class ptrs, g1 gc, windows-amd64)
GC Precious Log:
 CPUs: 16 total, 16 available
 Memory: 15741M
 Large Page Support: Disabled
 NUMA Support: Disabled
 Compressed Oops: Enabled (32-bit)
 Heap Region Size: 1M
 Heap Min Capacity: 8M
 Heap Initial Capacity: 246M
 Heap Max Capacity: 1G
 Pre-touch: Disabled
 Parallel Workers: 13
 Concurrent Workers: 3
 Concurrent Refinement Workers: 13
 Periodic GC: Disabled
Heap:
 garbage-first heap   total 129024K, used 42053K [0x00000000c0000000, 0x0000000100000000)
  region size 1024K, 1 young (1024K), 0 survivors (0K)
 Metaspace       used 61550K, committed 62208K, reserved 1114112K
  class space    used 7728K, committed 8000K, reserved 1048576K
GC Heap History (20 events):
Event: 2980.135 GC heap before
{Heap before GC invocations=226 (full 203):
 garbage-first heap   total 129024K, used 42066K [0x00000000c0000000, 0x0000000100000000)
  region size 1024K, 1 young (1024K), 0 survivors (0K)
 Metaspace       used 61560K, committed 62208K, reserved 1114112K
  class space    used 7729K, committed 8000K, reserved 1048576K
}
Event: 2980.184 GC heap after
{Heap after GC invocations=227 (full 204):
 garbage-first heap   total 129024K, used 42066K [0x00000000c0000000, 0x0000000100000000)
  region size 1024K, 0 young (0K), 0 survivors (0K)
 Metaspace       used 61560K, committed 62208K, reserved 1114112K
  class space    used 7729K, committed 8000K, reserved 1048576K
}
Event: 2990.405 GC heap before
{Heap before GC invocations=227 (full 204):
 garbage-first heap   total 129024K, used 42066K [0x00000000c0000000, 0x0000000100000000)
  region size 1024K, 1 young (1024K), 0 survivors (0K)
 Metaspace       used 61560K, committed 62208K, reserved 1114112K
  class space    used 7729K, committed 8000K, reserved 1048576K
}
Event: 2990.460 GC heap after
{Heap after GC invocations=228 (full 205):
 garbage-first heap   total 129024K, used 42066K [0x00000000c0000000, 0x0000000100000000)
  region size 1024K, 0 young (0K), 0 survivors (0K)
 Metaspace       used 61560K, committed 62208K, reserved 1114112K
  class space    used 7729K, committed 8000K, reserved 1048576K
}
Event: 3000.686 GC heap before
{Heap before GC invocations=228 (full 205):
 garbage-first heap   total 129024K, used 42066K [0x00000000c0000000, 0x0000000100000000)
  region size 1024K, 1 young (1024K), 0 survivors (0K)
 Metaspace       used 61560K, committed 62208K, reserved 1114112K
  class space    used 7729K, committed 8000K, reserved 1048576K
}
Event: 3000.735 GC heap after
{Heap after GC invocations=229 (full 206):
 garbage-first heap   total 129024K, used 42053K [0x00000000c0000000, 0x0000000100000000)
  region size 1024K, 0 young (0K), 0 survivors (0K)
 Metaspace       used 61550K, committed 62208K, reserved 1114112K
  class space    used 7728K, committed 8000K, reserved 1048576K
}
Event: 3010.954 GC heap before
{Heap before GC invocations=229 (full 206):
 garbage-first heap   total 129024K, used 42053K [0x00000000c0000000, 0x0000000100000000)
  region size 1024K, 1 young (1024K), 0 survivors (0K)
 Metaspace       used 61550K, committed 62208K, reserved 1114112K
  class space    used 7728K, committed 8000K, reserved 1048576K
}
Event: 3011.004 GC heap after
{Heap after GC invocations=230 (full 207):
 garbage-first heap   total 129024K, used 42053K [0x00000000c0000000, 0x0000000100000000)
  region size 1024K, 0 young (0K), 0 survivors (0K)
 Metaspace       used 61550K, committed 62208K, reserved 1114112K
  class space    used 7728K, committed 8000K, reserved 1048576K
}
Event: 3021.225 GC heap before
{Heap before GC invocations=230 (full 207):
 garbage-first heap   total 129024K, used 42053K [0x00000000c0000000, 0x0000000100000000)
  region size 1024K, 1 young (1024K), 0 survivors (0K)
 Metaspace       used 61550K, committed 62208K, reserved 1114112K
  class space    used 7728K, committed 8000K, reserved 1048576K
}
Event: 3021.268 GC heap after
{Heap after GC invocations=231 (full 208):
 garbage-first heap   total 129024K, used 42053K [0x00000000c0000000, 0x0000000100000000)
  region size 1024K, 0 young (0K), 0 survivors (0K)
 Metaspace       used 61550K, committed 62208K, reserved 1114112K
  class space    used 7728K, committed 8000K, reserved 1048576K
}
Event: 3031.488 GC heap before
{Heap before GC invocations=231 (full 208):
 garbage-first heap   total 129024K, used 42053K [0x00000000c0000000, 0x0000000100000000)
  region size 1024K, 1 young (1024K), 0 survivors (0K)
 Metaspace       used 61550K, committed 62208K, reserved 1114112K
  class space    used 7728K, committed 8000K, reserved 1048576K
}
Event: 3031.537 GC heap after
{Heap after GC invocations=232 (full 209):
 garbage-first heap   total 129024K, used 42053K [0x00000000c0000000, 0x0000000100000000)
  region size 1024K, 0 young (0K), 0 survivors (0K)
 Metaspace       used 61550K, committed 62208K, reserved 1114112K
  class space    used 7728K, committed 8000K, reserved 1048576K
}
Event: 3041.766 GC heap before
{Heap before GC invocations=232 (full 209):
 garbage-first heap   total 129024K, used 42053K [0x00000000c0000000, 0x0000000100000000)
  region size 1024K, 1 young (1024K), 0 survivors (0K)
 Metaspace       used 61550K, committed 62208K, reserved 1114112K
  class space    used 7728K, committed 8000K, reserved 1048576K
}
Event: 3041.815 GC heap after
{Heap after GC invocations=233 (full 210):
 garbage-first heap   total 129024K, used 42053K [0x00000000c0000000, 0x0000000100000000)
  region size 1024K, 0 young (0K), 0 survivors (0K)
 Metaspace       used 61550K, committed 62208K, reserved 1114112K
  class space    used 7728K, committed 8000K, reserved 1048576K
}
Event: 3052.037 GC heap before
{Heap before GC invocations=233 (full 210):
 garbage-first heap   total 129024K, used 42053K [0x00000000c0000000, 0x0000000100000000)
  region size 1024K, 1 young (1024K), 0 survivors (0K)
 Metaspace       used 61550K, committed 62208K, reserved 1114112K
  class space    used 7728K, committed 8000K, reserved 1048576K
}
Event: 3052.087 GC heap after
{Heap after GC invocations=234 (full 211):
 garbage-first heap   total 129024K, used 42053K [0x00000000c0000000, 0x0000000100000000)
  region size 1024K, 0 young (0K), 0 survivors (0K)
 Metaspace       used 61550K, committed 62208K, reserved 1114112K
  class space    used 7728K, committed 8000K, reserved 1048576K
}
Event: 3062.245 GC heap before
{Heap before GC invocations=234 (full 211):
 garbage-first heap   total 129024K, used 42053K [0x00000000c0000000, 0x0000000100000000)
  region size 1024K, 1 young (1024K), 0 survivors (0K)
 Metaspace       used 61550K, committed 62208K, reserved 1114112K
  class space    used 7728K, committed 8000K, reserved 1048576K
}
Event: 3062.281 GC heap after
{Heap after GC invocations=235 (full 212):
 garbage-first heap   total 129024K, used 42053K [0x00000000c0000000, 0x0000000100000000)
  region size 1024K, 0 young (0K), 0 survivors (0K)
 Metaspace       used 61550K, committed 62208K, reserved 1114112K
  class space    used 7728K, committed 8000K, reserved 1048576K
}
Event: 3072.519 GC heap before
{Heap before GC invocations=235 (full 212):
 garbage-first heap   total 129024K, used 42053K [0x00000000c0000000, 0x0000000100000000)
  region size 1024K, 1 young (1024K), 0 survivors (0K)
 Metaspace       used 61550K, committed 62208K, reserved 1114112K
  class space    used 7728K, committed 8000K, reserved 1048576K
}
Event: 3072.566 GC heap after
{Heap after GC invocations=236 (full 213):
 garbage-first heap   total 129024K, used 42053K [0x00000000c0000000, 0x0000000100000000)
  region size 1024K, 0 young (0K), 0 survivors (0K)
 Metaspace       used 61550K, committed 62208K, reserved 1114112K
  class space    used 7728K, committed 8000K, reserved 1048576K
}

