# JRE version: OpenJDK Runtime Environment Temurin-17.0.10+7 (17.0.10+7) (build 17.0.10+7)
# Java VM: OpenJDK 64-Bit Server VM Temurin-17.0.10+7 (17.0.10+7, mixed mode, tiered, compressed oops, compressed class ptrs, g1 gc, windows-amd64)
GC Precious Log:
 CPUs: 16 total, 16 available
 Memory: 15741M
 Large Page Support: Disabled
 NUMA Support: Disabled
 Compressed Oops: Enabled (Zero based)
 Heap Region Size: 2M
 Heap Min Capacity: 8M
 Heap Initial Capacity: 246M
 Heap Max Capacity: 3936M
 Pre-touch: Disabled
 Parallel Workers: 13
 Concurrent Workers: 3
 Concurrent Refinement Workers: 13
 Periodic GC: Disabled
Heap:
 garbage-first heap   total 143360K, used 62831K [0x000000070a000000, 0x0000000800000000)
  region size 2048K, 17 young (34816K), 2 survivors (4096K)
 Metaspace       used 75504K, committed 75968K, reserved 1179648K
  class space    used 9688K, committed 9920K, reserved 1048576K
GC Heap History (20 events):
Event: 9.641 GC heap before
{Heap before GC invocations=23 (full 0):
 garbage-first heap   total 51200K, used 39446K [0x000000070a000000, 0x0000000800000000)
  region size 2048K, 7 young (14336K), 1 survivors (2048K)
 Metaspace       used 63325K, committed 63744K, reserved 1114112K
  class space    used 8228K, committed 8448K, reserved 1048576K
}
Event: 9.642 GC heap after
{Heap after GC invocations=24 (full 0):
 garbage-first heap   total 51200K, used 27614K [0x000000070a000000, 0x0000000800000000)
  region size 2048K, 1 young (2048K), 1 survivors (2048K)
 Metaspace       used 63325K, committed 63744K, reserved 1114112K
  class space    used 8228K, committed 8448K, reserved 1048576K
}
Event: 9.867 GC heap before
{Heap before GC invocations=25 (full 0):
 garbage-first heap   total 55296K, used 37854K [0x000000070a000000, 0x0000000800000000)
  region size 2048K, 6 young (12288K), 1 survivors (2048K)
 Metaspace       used 64912K, committed 65344K, reserved 1114112K
  class space    used 8460K, committed 8640K, reserved 1048576K
}
Event: 9.868 GC heap after
{Heap after GC invocations=26 (full 0):
 garbage-first heap   total 55296K, used 27975K [0x000000070a000000, 0x0000000800000000)
  region size 2048K, 1 young (2048K), 1 survivors (2048K)
 Metaspace       used 64912K, committed 65344K, reserved 1114112K
  class space    used 8460K, committed 8640K, reserved 1048576K
}
Event: 10.898 GC heap before
{Heap before GC invocations=26 (full 0):
 garbage-first heap   total 55296K, used 42311K [0x000000070a000000, 0x0000000800000000)
  region size 2048K, 8 young (16384K), 1 survivors (2048K)
 Metaspace       used 66120K, committed 66560K, reserved 1114112K
  class space    used 8554K, committed 8768K, reserved 1048576K
}
Event: 10.902 GC heap after
{Heap after GC invocations=27 (full 0):
 garbage-first heap   total 55296K, used 28586K [0x000000070a000000, 0x0000000800000000)
  region size 2048K, 1 young (2048K), 1 survivors (2048K)
 Metaspace       used 66120K, committed 66560K, reserved 1114112K
  class space    used 8554K, committed 8768K, reserved 1048576K
}
Event: 11.430 GC heap before
{Heap before GC invocations=28 (full 0):
 garbage-first heap   total 55296K, used 42922K [0x000000070a000000, 0x0000000800000000)
  region size 2048K, 8 young (16384K), 1 survivors (2048K)
 Metaspace       used 68174K, committed 68608K, reserved 1114112K
  class space    used 8827K, committed 9024K, reserved 1048576K
}
Event: 11.433 GC heap after
{Heap after GC invocations=29 (full 0):
 garbage-first heap   total 55296K, used 29928K [0x000000070a000000, 0x0000000800000000)
  region size 2048K, 1 young (2048K), 1 survivors (2048K)
 Metaspace       used 68174K, committed 68608K, reserved 1114112K
  class space    used 8827K, committed 9024K, reserved 1048576K
}
Event: 11.442 GC heap before
{Heap before GC invocations=29 (full 0):
 garbage-first heap   total 55296K, used 31976K [0x000000070a000000, 0x0000000800000000)
  region size 2048K, 2 young (4096K), 1 survivors (2048K)
 Metaspace       used 68176K, committed 68608K, reserved 1114112K
  class space    used 8827K, committed 9024K, reserved 1048576K
}
Event: 11.445 GC heap after
{Heap after GC invocations=30 (full 0):
 garbage-first heap   total 55296K, used 29599K [0x000000070a000000, 0x0000000800000000)
  region size 2048K, 1 young (2048K), 1 survivors (2048K)
 Metaspace       used 68176K, committed 68608K, reserved 1114112K
  class space    used 8827K, committed 9024K, reserved 1048576K
}
Event: 11.773 GC heap before
{Heap before GC invocations=30 (full 0):
 garbage-first heap   total 55296K, used 39839K [0x000000070a000000, 0x0000000800000000)
  region size 2048K, 7 young (14336K), 1 survivors (2048K)
 Metaspace       used 69166K, committed 69632K, reserved 1114112K
  class space    used 8939K, committed 9152K, reserved 1048576K
}
Event: 11.775 GC heap after
{Heap after GC invocations=31 (full 0):
 garbage-first heap   total 55296K, used 31118K [0x000000070a000000, 0x0000000800000000)
  region size 2048K, 1 young (2048K), 1 survivors (2048K)
 Metaspace       used 69166K, committed 69632K, reserved 1114112K
  class space    used 8939K, committed 9152K, reserved 1048576K
}
Event: 12.840 GC heap before
{Heap before GC invocations=32 (full 0):
 garbage-first heap   total 59392K, used 43406K [0x000000070a000000, 0x0000000800000000)
  region size 2048K, 7 young (14336K), 1 survivors (2048K)
 Metaspace       used 70367K, committed 70848K, reserved 1114112K
  class space    used 9109K, committed 9344K, reserved 1048576K
}
Event: 12.841 GC heap after
{Heap after GC invocations=33 (full 0):
 garbage-first heap   total 59392K, used 31968K [0x000000070a000000, 0x0000000800000000)
  region size 2048K, 1 young (2048K), 1 survivors (2048K)
 Metaspace       used 70367K, committed 70848K, reserved 1114112K
  class space    used 9109K, committed 9344K, reserved 1048576K
}
Event: 13.084 GC heap before
{Heap before GC invocations=33 (full 0):
 garbage-first heap   total 59392K, used 46304K [0x000000070a000000, 0x0000000800000000)
  region size 2048K, 8 young (16384K), 1 survivors (2048K)
 Metaspace       used 72438K, committed 72896K, reserved 1114112K
  class space    used 9353K, committed 9600K, reserved 1048576K
}
Event: 13.086 GC heap after
{Heap after GC invocations=34 (full 0):
 garbage-first heap   total 59392K, used 32526K [0x000000070a000000, 0x0000000800000000)
  region size 2048K, 1 young (2048K), 1 survivors (2048K)
 Metaspace       used 72438K, committed 72896K, reserved 1114112K
  class space    used 9353K, committed 9600K, reserved 1048576K
}
Event: 13.214 GC heap before
{Heap before GC invocations=35 (full 0):
 garbage-first heap   total 61440K, used 46862K [0x000000070a000000, 0x0000000800000000)
  region size 2048K, 8 young (16384K), 1 survivors (2048K)
 Metaspace       used 72703K, committed 73152K, reserved 1114112K
  class space    used 9369K, committed 9600K, reserved 1048576K
}
Event: 13.216 GC heap after
{Heap after GC invocations=36 (full 0):
 garbage-first heap   total 61440K, used 33259K [0x000000070a000000, 0x0000000800000000)
  region size 2048K, 1 young (2048K), 1 survivors (2048K)
 Metaspace       used 72703K, committed 73152K, reserved 1114112K
  class space    used 9369K, committed 9600K, reserved 1048576K
}
Event: 13.372 GC heap before
{Heap before GC invocations=36 (full 0):
 garbage-first heap   total 61440K, used 49643K [0x000000070a000000, 0x0000000800000000)
  region size 2048K, 9 young (18432K), 1 survivors (2048K)
 Metaspace       used 73165K, committed 73664K, reserved 1114112K
  class space    used 9409K, committed 9664K, reserved 1048576K
}
Event: 13.375 GC heap after
{Heap after GC invocations=37 (full 0):
 garbage-first heap   total 157696K, used 34159K [0x000000070a000000, 0x0000000800000000)
  region size 2048K, 2 young (4096K), 2 survivors (4096K)
 Metaspace       used 73165K, committed 73664K, reserved 1114112K
  class space    used 9409K, committed 9664K, reserved 1048576K
}

