# JRE version: OpenJDK Runtime Environment Temurin-17.0.10+7 (17.0.10+7) (build 17.0.10+7)
# Java VM: OpenJDK 64-Bit Server VM Temurin-17.0.10+7 (17.0.10+7, mixed mode, tiered, compressed oops, compressed class ptrs, g1 gc, windows-amd64)
GC Precious Log:
 CPUs: 16 total, 16 available
 Memory: 15741M
 Large Page Support: Disabled
 NUMA Support: Disabled
 Compressed Oops: Enabled (Zero based)
 Heap Region Size: 2M
 Heap Min Capacity: 8M
 Heap Initial Capacity: 246M
 Heap Max Capacity: 3936M
 Pre-touch: Disabled
 Parallel Workers: 13
 Concurrent Workers: 3
 Concurrent Refinement Workers: 13
 Periodic GC: Disabled
Heap:
 garbage-first heap   total 151552K, used 45276K [0x000000070a000000, 0x0000000800000000)
  region size 2048K, 15 young (30720K), 2 survivors (4096K)
 Metaspace       used 44264K, committed 44736K, reserved 1114112K
  class space    used 5584K, committed 5824K, reserved 1048576K
GC Heap History (20 events):
Event: 1.424 GC heap before
{Heap before GC invocations=4 (full 0):
 garbage-first heap   total 49152K, used 32887K [0x000000070a000000, 0x0000000800000000)
  region size 2048K, 14 young (28672K), 2 survivors (4096K)
 Metaspace       used 26049K, committed 26368K, reserved 1114112K
  class space    used 3184K, committed 3328K, reserved 1048576K
}
Event: 1.428 GC heap after
{Heap after GC invocations=5 (full 0):
 garbage-first heap   total 49152K, used 12062K [0x000000070a000000, 0x0000000800000000)
  region size 2048K, 3 young (6144K), 3 survivors (6144K)
 Metaspace       used 26049K, committed 26368K, reserved 1114112K
  class space    used 3184K, committed 3328K, reserved 1048576K
}
Event: 1.448 GC heap before
{Heap before GC invocations=5 (full 0):
 garbage-first heap   total 49152K, used 14110K [0x000000070a000000, 0x0000000800000000)
  region size 2048K, 4 young (8192K), 3 survivors (6144K)
 Metaspace       used 26490K, committed 26752K, reserved 1114112K
  class space    used 3217K, committed 3328K, reserved 1048576K
}
Event: 1.452 GC heap after
{Heap after GC invocations=6 (full 0):
 garbage-first heap   total 49152K, used 12368K [0x000000070a000000, 0x0000000800000000)
  region size 2048K, 1 young (2048K), 1 survivors (2048K)
 Metaspace       used 26490K, committed 26752K, reserved 1114112K
  class space    used 3217K, committed 3328K, reserved 1048576K
}
Event: 1.622 GC heap before
{Heap before GC invocations=6 (full 0):
 garbage-first heap   total 49152K, used 26704K [0x000000070a000000, 0x0000000800000000)
  region size 2048K, 9 young (18432K), 1 survivors (2048K)
 Metaspace       used 29399K, committed 29696K, reserved 1114112K
  class space    used 3546K, committed 3648K, reserved 1048576K
}
Event: 1.623 GC heap after
{Heap after GC invocations=7 (full 0):
 garbage-first heap   total 49152K, used 12874K [0x000000070a000000, 0x0000000800000000)
  region size 2048K, 1 young (2048K), 1 survivors (2048K)
 Metaspace       used 29399K, committed 29696K, reserved 1114112K
  class space    used 3546K, committed 3648K, reserved 1048576K
}
Event: 2.044 GC heap before
{Heap before GC invocations=7 (full 0):
 garbage-first heap   total 49152K, used 31306K [0x000000070a000000, 0x0000000800000000)
  region size 2048K, 10 young (20480K), 1 survivors (2048K)
 Metaspace       used 31515K, committed 31872K, reserved 1114112K
  class space    used 3832K, committed 3968K, reserved 1048576K
}
Event: 2.046 GC heap after
{Heap after GC invocations=8 (full 0):
 garbage-first heap   total 49152K, used 14394K [0x000000070a000000, 0x0000000800000000)
  region size 2048K, 2 young (4096K), 2 survivors (4096K)
 Metaspace       used 31515K, committed 31872K, reserved 1114112K
  class space    used 3832K, committed 3968K, reserved 1048576K
}
Event: 2.415 GC heap before
{Heap before GC invocations=8 (full 0):
 garbage-first heap   total 49152K, used 32826K [0x000000070a000000, 0x0000000800000000)
  region size 2048K, 11 young (22528K), 2 survivors (4096K)
 Metaspace       used 32913K, committed 33216K, reserved 1114112K
  class space    used 4019K, committed 4160K, reserved 1048576K
}
Event: 2.417 GC heap after
{Heap after GC invocations=9 (full 0):
 garbage-first heap   total 49152K, used 15402K [0x000000070a000000, 0x0000000800000000)
  region size 2048K, 2 young (4096K), 2 survivors (4096K)
 Metaspace       used 32913K, committed 33216K, reserved 1114112K
  class space    used 4019K, committed 4160K, reserved 1048576K
}
Event: 2.881 GC heap before
{Heap before GC invocations=9 (full 0):
 garbage-first heap   total 49152K, used 31786K [0x000000070a000000, 0x0000000800000000)
  region size 2048K, 10 young (20480K), 2 survivors (4096K)
 Metaspace       used 34456K, committed 34752K, reserved 1114112K
  class space    used 4249K, committed 4416K, reserved 1048576K
}
Event: 2.884 GC heap after
{Heap after GC invocations=10 (full 0):
 garbage-first heap   total 49152K, used 16475K [0x000000070a000000, 0x0000000800000000)
  region size 2048K, 2 young (4096K), 2 survivors (4096K)
 Metaspace       used 34456K, committed 34752K, reserved 1114112K
  class space    used 4249K, committed 4416K, reserved 1048576K
}
Event: 3.288 GC heap before
{Heap before GC invocations=10 (full 0):
 garbage-first heap   total 49152K, used 28763K [0x000000070a000000, 0x0000000800000000)
  region size 2048K, 9 young (18432K), 2 survivors (4096K)
 Metaspace       used 35807K, committed 36096K, reserved 1114112K
  class space    used 4449K, committed 4608K, reserved 1048576K
}
Event: 3.291 GC heap after
{Heap after GC invocations=11 (full 0):
 garbage-first heap   total 49152K, used 17487K [0x000000070a000000, 0x0000000800000000)
  region size 2048K, 2 young (4096K), 2 survivors (4096K)
 Metaspace       used 35807K, committed 36096K, reserved 1114112K
  class space    used 4449K, committed 4608K, reserved 1048576K
}
Event: 3.848 GC heap before
{Heap before GC invocations=12 (full 0):
 garbage-first heap   total 49152K, used 33871K [0x000000070a000000, 0x0000000800000000)
  region size 2048K, 10 young (20480K), 2 survivors (4096K)
 Metaspace       used 38383K, committed 38784K, reserved 1114112K
  class space    used 4837K, committed 4992K, reserved 1048576K
}
Event: 3.852 GC heap after
{Heap after GC invocations=13 (full 0):
 garbage-first heap   total 49152K, used 19105K [0x000000070a000000, 0x0000000800000000)
  region size 2048K, 2 young (4096K), 2 survivors (4096K)
 Metaspace       used 38383K, committed 38784K, reserved 1114112K
  class space    used 4837K, committed 4992K, reserved 1048576K
}
Event: 3.871 GC heap before
{Heap before GC invocations=13 (full 0):
 garbage-first heap   total 49152K, used 21153K [0x000000070a000000, 0x0000000800000000)
  region size 2048K, 3 young (6144K), 2 survivors (4096K)
 Metaspace       used 38660K, committed 39040K, reserved 1114112K
  class space    used 4864K, committed 5056K, reserved 1048576K
}
Event: 3.875 GC heap after
{Heap after GC invocations=14 (full 0):
 garbage-first heap   total 49152K, used 19024K [0x000000070a000000, 0x0000000800000000)
  region size 2048K, 1 young (2048K), 1 survivors (2048K)
 Metaspace       used 38660K, committed 39040K, reserved 1114112K
  class space    used 4864K, committed 5056K, reserved 1048576K
}
Event: 4.271 GC heap before
{Heap before GC invocations=14 (full 0):
 garbage-first heap   total 49152K, used 33360K [0x000000070a000000, 0x0000000800000000)
  region size 2048K, 9 young (18432K), 1 survivors (2048K)
 Metaspace       used 41357K, committed 41792K, reserved 1114112K
  class space    used 5195K, committed 5440K, reserved 1048576K
}
Event: 4.274 GC heap after
{Heap after GC invocations=15 (full 0):
 garbage-first heap   total 151552K, used 20700K [0x000000070a000000, 0x0000000800000000)
  region size 2048K, 2 young (4096K), 2 survivors (4096K)
 Metaspace       used 41357K, committed 41792K, reserved 1114112K
  class space    used 5195K, committed 5440K, reserved 1048576K
}

