# JRE version: OpenJDK Runtime Environment Temurin-17.0.10+7 (17.0.10+7) (build 17.0.10+7)
# Java VM: OpenJDK 64-Bit Server VM Temurin-17.0.10+7 (17.0.10+7, mixed mode, emulated-client, tiered, compressed oops, compressed class ptrs, g1 gc, windows-amd64)
GC Precious Log:
 CPUs: 16 total, 16 available
 Memory: 15741M
 Large Page Support: Disabled
 NUMA Support: Disabled
 Compressed Oops: Enabled (32-bit)
 Heap Region Size: 1M
 Heap Min Capacity: 8M
 Heap Initial Capacity: 246M
 Heap Max Capacity: 1G
 Pre-touch: Disabled
 Parallel Workers: 13
 Concurrent Workers: 3
 Concurrent Refinement Workers: 13
 Periodic GC: Disabled
Heap:
 garbage-first heap   total 103424K, used 41062K [0x00000000c0000000, 0x0000000100000000)
  region size 1024K, 1 young (1024K), 0 survivors (0K)
 Metaspace       used 61206K, committed 61888K, reserved 1114112K
  class space    used 7687K, committed 7936K, reserved 1048576K
GC Heap History (20 events):
Event: 4887.747 GC heap before
{Heap before GC invocations=394 (full 369):
 garbage-first heap   total 103424K, used 41074K [0x00000000c0000000, 0x0000000100000000)
  region size 1024K, 1 young (1024K), 0 survivors (0K)
 Metaspace       used 61216K, committed 61888K, reserved 1114112K
  class space    used 7689K, committed 7936K, reserved 1048576K
}
Event: 4887.775 GC heap after
{Heap after GC invocations=395 (full 370):
 garbage-first heap   total 103424K, used 41074K [0x00000000c0000000, 0x0000000100000000)
  region size 1024K, 0 young (0K), 0 survivors (0K)
 Metaspace       used 61216K, committed 61888K, reserved 1114112K
  class space    used 7689K, committed 7936K, reserved 1048576K
}
Event: 4897.897 GC heap before
{Heap before GC invocations=395 (full 370):
 garbage-first heap   total 103424K, used 41074K [0x00000000c0000000, 0x0000000100000000)
  region size 1024K, 1 young (1024K), 0 survivors (0K)
 Metaspace       used 61216K, committed 61888K, reserved 1114112K
  class space    used 7689K, committed 7936K, reserved 1048576K
}
Event: 4897.926 GC heap after
{Heap after GC invocations=396 (full 371):
 garbage-first heap   total 103424K, used 41074K [0x00000000c0000000, 0x0000000100000000)
  region size 1024K, 0 young (0K), 0 survivors (0K)
 Metaspace       used 61216K, committed 61888K, reserved 1114112K
  class space    used 7689K, committed 7936K, reserved 1048576K
}
Event: 4908.047 GC heap before
{Heap before GC invocations=396 (full 371):
 garbage-first heap   total 103424K, used 41074K [0x00000000c0000000, 0x0000000100000000)
  region size 1024K, 1 young (1024K), 0 survivors (0K)
 Metaspace       used 61216K, committed 61888K, reserved 1114112K
  class space    used 7689K, committed 7936K, reserved 1048576K
}
Event: 4908.076 GC heap after
{Heap after GC invocations=397 (full 372):
 garbage-first heap   total 103424K, used 41074K [0x00000000c0000000, 0x0000000100000000)
  region size 1024K, 0 young (0K), 0 survivors (0K)
 Metaspace       used 61216K, committed 61888K, reserved 1114112K
  class space    used 7689K, committed 7936K, reserved 1048576K
}
Event: 4918.204 GC heap before
{Heap before GC invocations=397 (full 372):
 garbage-first heap   total 103424K, used 41074K [0x00000000c0000000, 0x0000000100000000)
  region size 1024K, 1 young (1024K), 0 survivors (0K)
 Metaspace       used 61216K, committed 61888K, reserved 1114112K
  class space    used 7689K, committed 7936K, reserved 1048576K
}
Event: 4918.233 GC heap after
{Heap after GC invocations=398 (full 373):
 garbage-first heap   total 103424K, used 41074K [0x00000000c0000000, 0x0000000100000000)
  region size 1024K, 0 young (0K), 0 survivors (0K)
 Metaspace       used 61216K, committed 61888K, reserved 1114112K
  class space    used 7689K, committed 7936K, reserved 1048576K
}
Event: 4928.359 GC heap before
{Heap before GC invocations=398 (full 373):
 garbage-first heap   total 103424K, used 41074K [0x00000000c0000000, 0x0000000100000000)
  region size 1024K, 1 young (1024K), 0 survivors (0K)
 Metaspace       used 61216K, committed 61888K, reserved 1114112K
  class space    used 7689K, committed 7936K, reserved 1048576K
}
Event: 4928.387 GC heap after
{Heap after GC invocations=399 (full 374):
 garbage-first heap   total 103424K, used 41074K [0x00000000c0000000, 0x0000000100000000)
  region size 1024K, 0 young (0K), 0 survivors (0K)
 Metaspace       used 61216K, committed 61888K, reserved 1114112K
  class space    used 7689K, committed 7936K, reserved 1048576K
}
Event: 4938.515 GC heap before
{Heap before GC invocations=399 (full 374):
 garbage-first heap   total 103424K, used 41074K [0x00000000c0000000, 0x0000000100000000)
  region size 1024K, 1 young (1024K), 0 survivors (0K)
 Metaspace       used 61216K, committed 61888K, reserved 1114112K
  class space    used 7689K, committed 7936K, reserved 1048576K
}
Event: 4938.547 GC heap after
{Heap after GC invocations=400 (full 375):
 garbage-first heap   total 103424K, used 41062K [0x00000000c0000000, 0x0000000100000000)
  region size 1024K, 0 young (0K), 0 survivors (0K)
 Metaspace       used 61206K, committed 61888K, reserved 1114112K
  class space    used 7687K, committed 7936K, reserved 1048576K
}
Event: 4948.671 GC heap before
{Heap before GC invocations=400 (full 375):
 garbage-first heap   total 103424K, used 41062K [0x00000000c0000000, 0x0000000100000000)
  region size 1024K, 1 young (1024K), 0 survivors (0K)
 Metaspace       used 61206K, committed 61888K, reserved 1114112K
  class space    used 7687K, committed 7936K, reserved 1048576K
}
Event: 4948.698 GC heap after
{Heap after GC invocations=401 (full 376):
 garbage-first heap   total 103424K, used 41062K [0x00000000c0000000, 0x0000000100000000)
  region size 1024K, 0 young (0K), 0 survivors (0K)
 Metaspace       used 61206K, committed 61888K, reserved 1114112K
  class space    used 7687K, committed 7936K, reserved 1048576K
}
Event: 4958.824 GC heap before
{Heap before GC invocations=401 (full 376):
 garbage-first heap   total 103424K, used 41062K [0x00000000c0000000, 0x0000000100000000)
  region size 1024K, 1 young (1024K), 0 survivors (0K)
 Metaspace       used 61206K, committed 61888K, reserved 1114112K
  class space    used 7687K, committed 7936K, reserved 1048576K
}
Event: 4958.853 GC heap after
{Heap after GC invocations=402 (full 377):
 garbage-first heap   total 103424K, used 41062K [0x00000000c0000000, 0x0000000100000000)
  region size 1024K, 0 young (0K), 0 survivors (0K)
 Metaspace       used 61206K, committed 61888K, reserved 1114112K
  class space    used 7687K, committed 7936K, reserved 1048576K
}
Event: 4968.978 GC heap before
{Heap before GC invocations=402 (full 377):
 garbage-first heap   total 103424K, used 41062K [0x00000000c0000000, 0x0000000100000000)
  region size 1024K, 1 young (1024K), 0 survivors (0K)
 Metaspace       used 61206K, committed 61888K, reserved 1114112K
  class space    used 7687K, committed 7936K, reserved 1048576K
}
Event: 4969.004 GC heap after
{Heap after GC invocations=403 (full 378):
 garbage-first heap   total 103424K, used 41062K [0x00000000c0000000, 0x0000000100000000)
  region size 1024K, 0 young (0K), 0 survivors (0K)
 Metaspace       used 61206K, committed 61888K, reserved 1114112K
  class space    used 7687K, committed 7936K, reserved 1048576K
}
Event: 4979.132 GC heap before
{Heap before GC invocations=403 (full 378):
 garbage-first heap   total 103424K, used 41062K [0x00000000c0000000, 0x0000000100000000)
  region size 1024K, 1 young (1024K), 0 survivors (0K)
 Metaspace       used 61206K, committed 61888K, reserved 1114112K
  class space    used 7687K, committed 7936K, reserved 1048576K
}
Event: 4979.160 GC heap after
{Heap after GC invocations=404 (full 379):
 garbage-first heap   total 103424K, used 41062K [0x00000000c0000000, 0x0000000100000000)
  region size 1024K, 0 young (0K), 0 survivors (0K)
 Metaspace       used 61206K, committed 61888K, reserved 1114112K
  class space    used 7687K, committed 7936K, reserved 1048576K
}

