# JRE version: OpenJDK Runtime Environment Temurin-17.0.10+7 (17.0.10+7) (build 17.0.10+7)
# Java VM: OpenJDK 64-Bit Server VM Temurin-17.0.10+7 (17.0.10+7, mixed mode, tiered, compressed oops, compressed class ptrs, g1 gc, windows-amd64)
GC Precious Log:
 CPUs: 16 total, 16 available
 Memory: 15741M
 Large Page Support: Disabled
 NUMA Support: Disabled
 Compressed Oops: Enabled (Zero based)
 Heap Region Size: 2M
 Heap Min Capacity: 8M
 Heap Initial Capacity: 246M
 Heap Max Capacity: 3936M
 Pre-touch: Disabled
 Parallel Workers: 13
 Concurrent Workers: 3
 Concurrent Refinement Workers: 13
 Periodic GC: Disabled
Heap:
 garbage-first heap   total 69632K, used 39381K [0x000000070a000000, 0x0000000800000000)
  region size 2048K, 3 young (6144K), 0 survivors (0K)
 Metaspace       used 88442K, committed 89088K, reserved 1179648K
  class space    used 11354K, committed 11648K, reserved 1048576K
GC Heap History (20 events):
Event: 116.264 GC heap before
{Heap before GC invocations=45 (full 0):
 garbage-first heap   total 69632K, used 57644K [0x000000070a000000, 0x0000000800000000)
  region size 2048K, 7 young (14336K), 1 survivors (2048K)
 Metaspace       used 88308K, committed 88960K, reserved 1179648K
  class space    used 11332K, committed 11648K, reserved 1048576K
}
Event: 116.265 GC heap after
{Heap after GC invocations=46 (full 0):
 garbage-first heap   total 69632K, used 45478K [0x000000070a000000, 0x0000000800000000)
  region size 2048K, 1 young (2048K), 1 survivors (2048K)
 Metaspace       used 88308K, committed 88960K, reserved 1179648K
  class space    used 11332K, committed 11648K, reserved 1048576K
}
Event: 128.075 GC heap before
{Heap before GC invocations=46 (full 0):
 garbage-first heap   total 69632K, used 57766K [0x000000070a000000, 0x0000000800000000)
  region size 2048K, 7 young (14336K), 1 survivors (2048K)
 Metaspace       used 88309K, committed 89024K, reserved 1179648K
  class space    used 11332K, committed 11648K, reserved 1048576K
}
Event: 128.077 GC heap after
{Heap after GC invocations=47 (full 0):
 garbage-first heap   total 69632K, used 45249K [0x000000070a000000, 0x0000000800000000)
  region size 2048K, 1 young (2048K), 1 survivors (2048K)
 Metaspace       used 88309K, committed 89024K, reserved 1179648K
  class space    used 11332K, committed 11648K, reserved 1048576K
}
Event: 138.905 GC heap before
{Heap before GC invocations=47 (full 0):
 garbage-first heap   total 69632K, used 57537K [0x000000070a000000, 0x0000000800000000)
  region size 2048K, 7 young (14336K), 1 survivors (2048K)
 Metaspace       used 88309K, committed 89024K, reserved 1179648K
  class space    used 11332K, committed 11648K, reserved 1048576K
}
Event: 138.906 GC heap after
{Heap after GC invocations=48 (full 0):
 garbage-first heap   total 69632K, used 45356K [0x000000070a000000, 0x0000000800000000)
  region size 2048K, 1 young (2048K), 1 survivors (2048K)
 Metaspace       used 88309K, committed 89024K, reserved 1179648K
  class space    used 11332K, committed 11648K, reserved 1048576K
}
Event: 147.982 GC heap before
{Heap before GC invocations=48 (full 0):
 garbage-first heap   total 69632K, used 55596K [0x000000070a000000, 0x0000000800000000)
  region size 2048K, 6 young (12288K), 1 survivors (2048K)
 Metaspace       used 88313K, committed 89024K, reserved 1179648K
  class space    used 11332K, committed 11648K, reserved 1048576K
}
Event: 147.983 GC heap after
{Heap after GC invocations=49 (full 0):
 garbage-first heap   total 69632K, used 45503K [0x000000070a000000, 0x0000000800000000)
  region size 2048K, 1 young (2048K), 1 survivors (2048K)
 Metaspace       used 88313K, committed 89024K, reserved 1179648K
  class space    used 11332K, committed 11648K, reserved 1048576K
}
Event: 157.247 GC heap before
{Heap before GC invocations=49 (full 0):
 garbage-first heap   total 69632K, used 55743K [0x000000070a000000, 0x0000000800000000)
  region size 2048K, 6 young (12288K), 1 survivors (2048K)
 Metaspace       used 88313K, committed 89024K, reserved 1179648K
  class space    used 11332K, committed 11648K, reserved 1048576K
}
Event: 157.247 GC heap after
{Heap after GC invocations=50 (full 0):
 garbage-first heap   total 69632K, used 45449K [0x000000070a000000, 0x0000000800000000)
  region size 2048K, 1 young (2048K), 1 survivors (2048K)
 Metaspace       used 88313K, committed 89024K, reserved 1179648K
  class space    used 11332K, committed 11648K, reserved 1048576K
}
Event: 166.933 GC heap before
{Heap before GC invocations=50 (full 0):
 garbage-first heap   total 69632K, used 55689K [0x000000070a000000, 0x0000000800000000)
  region size 2048K, 6 young (12288K), 1 survivors (2048K)
 Metaspace       used 88313K, committed 89024K, reserved 1179648K
  class space    used 11332K, committed 11648K, reserved 1048576K
}
Event: 166.934 GC heap after
{Heap after GC invocations=51 (full 0):
 garbage-first heap   total 69632K, used 45312K [0x000000070a000000, 0x0000000800000000)
  region size 2048K, 1 young (2048K), 1 survivors (2048K)
 Metaspace       used 88313K, committed 89024K, reserved 1179648K
  class space    used 11332K, committed 11648K, reserved 1048576K
}
Event: 175.623 GC heap before
{Heap before GC invocations=51 (full 0):
 garbage-first heap   total 69632K, used 55552K [0x000000070a000000, 0x0000000800000000)
  region size 2048K, 6 young (12288K), 1 survivors (2048K)
 Metaspace       used 88313K, committed 89024K, reserved 1179648K
  class space    used 11332K, committed 11648K, reserved 1048576K
}
Event: 175.624 GC heap after
{Heap after GC invocations=52 (full 0):
 garbage-first heap   total 69632K, used 45518K [0x000000070a000000, 0x0000000800000000)
  region size 2048K, 1 young (2048K), 1 survivors (2048K)
 Metaspace       used 88313K, committed 89024K, reserved 1179648K
  class space    used 11332K, committed 11648K, reserved 1048576K
}
Event: 185.302 GC heap before
{Heap before GC invocations=52 (full 0):
 garbage-first heap   total 69632K, used 55758K [0x000000070a000000, 0x0000000800000000)
  region size 2048K, 6 young (12288K), 1 survivors (2048K)
 Metaspace       used 88318K, committed 89024K, reserved 1179648K
  class space    used 11332K, committed 11648K, reserved 1048576K
}
Event: 185.303 GC heap after
{Heap after GC invocations=53 (full 0):
 garbage-first heap   total 69632K, used 45392K [0x000000070a000000, 0x0000000800000000)
  region size 2048K, 1 young (2048K), 1 survivors (2048K)
 Metaspace       used 88318K, committed 89024K, reserved 1179648K
  class space    used 11332K, committed 11648K, reserved 1048576K
}
Event: 192.134 GC heap before
{Heap before GC invocations=53 (full 0):
 garbage-first heap   total 69632K, used 55632K [0x000000070a000000, 0x0000000800000000)
  region size 2048K, 6 young (12288K), 1 survivors (2048K)
 Metaspace       used 88391K, committed 89024K, reserved 1179648K
  class space    used 11343K, committed 11648K, reserved 1048576K
}
Event: 192.135 GC heap after
{Heap after GC invocations=54 (full 0):
 garbage-first heap   total 69632K, used 45570K [0x000000070a000000, 0x0000000800000000)
  region size 2048K, 1 young (2048K), 1 survivors (2048K)
 Metaspace       used 88391K, committed 89024K, reserved 1179648K
  class space    used 11343K, committed 11648K, reserved 1048576K
}
Event: 192.145 GC heap before
{Heap before GC invocations=54 (full 0):
 garbage-first heap   total 69632K, used 45570K [0x000000070a000000, 0x0000000800000000)
  region size 2048K, 2 young (4096K), 1 survivors (2048K)
 Metaspace       used 88434K, committed 89024K, reserved 1179648K
  class space    used 11352K, committed 11648K, reserved 1048576K
}
Event: 192.212 GC heap after
{Heap after GC invocations=55 (full 1):
 garbage-first heap   total 69632K, used 35285K [0x000000070a000000, 0x0000000800000000)
  region size 2048K, 0 young (0K), 0 survivors (0K)
 Metaspace       used 88431K, committed 89024K, reserved 1179648K
  class space    used 11352K, committed 11648K, reserved 1048576K
}

